INFO   | jvm 1    | main    | 2019/12/31 00:00:52.059 | ERROR [sendNewsCronJob::de.hybris.platform.servicelayer.internal.jalo.ServicelayerJob] (sendNewsCronJob) [SendNewsJob] Problem sending new email. Note that org.apache.commons.mail.send() can block if behind a firewall/proxy.)
INFO   | jvm 1    | main    | 2019/12/31 00:00:52.059 | ERROR [sendNewsCronJob::de.hybris.platform.servicelayer.internal.jalo.ServicelayerJob] (sendNewsCronJob) [SendNewsJob] Problem sending new email.
INFO   | jvm 1    | main    | 2019/12/31 00:00:52.059 | org.apache.commons.mail.EmailException: Sending the email to the following server failed : smtp.email.com:465
INFO   | jvm 1    | main    | 2019/12/31 00:00:52.059 | 	at org.apache.commons.mail.Email.sendMimeMessage(Email.java:1469) ~[commons-email-1.5.jar:1.5]
INFO   | jvm 1    | main    | 2019/12/31 00:00:52.059 | 	at org.apache.commons.mail.Email.send(Email.java:1496) ~[commons-email-1.5.jar:1.5]
INFO   | jvm 1    | main    | 2019/12/31 00:00:52.059 | 	at concerttours.jobs.SendNewsJob.sendEmail(SendNewsJob.java:94) ~[classes/:?]
INFO   | jvm 1    | main    | 2019/12/31 00:00:52.060 | 	at concerttours.jobs.SendNewsJob.perform(SendNewsJob.java:72) [classes/:?]
INFO   | jvm 1    | main    | 2019/12/31 00:00:52.060 | 	at de.hybris.platform.servicelayer.internal.jalo.ServicelayerJob.performCronJob(ServicelayerJob.java:38) [processingserver.jar:?]
INFO   | jvm 1    | main    | 2019/12/31 00:00:52.060 | 	at de.hybris.platform.cronjob.jalo.Job.execute(Job.java:1376) [processingserver.jar:?]
INFO   | jvm 1    | main    | 2019/12/31 00:00:52.060 | 	at de.hybris.platform.cronjob.jalo.Job.performImpl(Job.java:803) [processingserver.jar:?]
INFO   | jvm 1    | main    | 2019/12/31 00:00:52.060 | 	at de.hybris.platform.cronjob.jalo.Job$JobRunable.run(Job.java:672) [processingserver.jar:?]
INFO   | jvm 1    | main    | 2019/12/31 00:00:52.060 | 	at de.hybris.platform.util.threadpool.PoolableThread.internalRun(PoolableThread.java:206) [coreserver.jar:?]
INFO   | jvm 1    | main    | 2019/12/31 00:00:52.060 | 	at de.hybris.platform.core.threadregistry.RegistrableThread.run(RegistrableThread.java:131) [coreserver.jar:?]
INFO   | jvm 1    | main    | 2019/12/31 00:00:52.060 | Caused by: javax.mail.MessagingException: Could not connect to SMTP host: smtp.email.com, port: 465
INFO   | jvm 1    | main    | 2019/12/31 00:00:52.060 | 	at com.sun.mail.smtp.SMTPTransport.openServer(SMTPTransport.java:1934) ~[mail-1.4.4.jar:1.4.4]
INFO   | jvm 1    | main    | 2019/12/31 00:00:52.060 | 	at com.sun.mail.smtp.SMTPTransport.protocolConnect(SMTPTransport.java:638) ~[mail-1.4.4.jar:1.4.4]
INFO   | jvm 1    | main    | 2019/12/31 00:00:52.060 | 	at javax.mail.Service.connect(Service.java:317) ~[mail-1.4.4.jar:1.4.4]
INFO   | jvm 1    | main    | 2019/12/31 00:00:52.060 | 	at javax.mail.Service.connect(Service.java:176) ~[mail-1.4.4.jar:1.4.4]
INFO   | jvm 1    | main    | 2019/12/31 00:00:52.060 | 	at javax.mail.Service.connect(Service.java:125) ~[mail-1.4.4.jar:1.4.4]
INFO   | jvm 1    | main    | 2019/12/31 00:00:52.060 | 	at javax.mail.Transport.send0(Transport.java:194) ~[mail-1.4.4.jar:1.4.4]
INFO   | jvm 1    | main    | 2019/12/31 00:00:52.060 | 	at javax.mail.Transport.send(Transport.java:124) ~[mail-1.4.4.jar:1.4.4]
INFO   | jvm 1    | main    | 2019/12/31 00:00:52.060 | 	at org.apache.commons.mail.Email.sendMimeMessage(Email.java:1459) ~[commons-email-1.5.jar:1.5]
INFO   | jvm 1    | main    | 2019/12/31 00:00:52.060 | 	... 9 more
INFO   | jvm 1    | main    | 2019/12/31 00:00:52.060 | Caused by: java.net.SocketTimeoutException: connect timed out
INFO   | jvm 1    | main    | 2019/12/31 00:00:52.061 | 	at java.net.PlainSocketImpl.socketConnect(Native Method) ~[?:?]
INFO   | jvm 1    | main    | 2019/12/31 00:00:52.061 | 	at java.net.AbstractPlainSocketImpl.doConnect(AbstractPlainSocketImpl.java:399) ~[?:?]
INFO   | jvm 1    | main    | 2019/12/31 00:00:52.061 | 	at java.net.AbstractPlainSocketImpl.connectToAddress(AbstractPlainSocketImpl.java:242) ~[?:?]
INFO   | jvm 1    | main    | 2019/12/31 00:00:52.061 | 	at java.net.AbstractPlainSocketImpl.connect(AbstractPlainSocketImpl.java:224) ~[?:?]
INFO   | jvm 1    | main    | 2019/12/31 00:00:52.062 | 	at java.net.SocksSocketImpl.connect(SocksSocketImpl.java:403) ~[?:?]
INFO   | jvm 1    | main    | 2019/12/31 00:00:52.062 | 	at java.net.Socket.connect(Socket.java:609) ~[?:?]
INFO   | jvm 1    | main    | 2019/12/31 00:00:52.062 | 	at com.sun.mail.util.SocketFetcher.createSocket(SocketFetcher.java:286) ~[mail-1.4.4.jar:1.4.4]
INFO   | jvm 1    | main    | 2019/12/31 00:00:52.062 | 	at com.sun.mail.util.SocketFetcher.getSocket(SocketFetcher.java:231) ~[mail-1.4.4.jar:1.4.4]
INFO   | jvm 1    | main    | 2019/12/31 00:00:52.062 | 	at com.sun.mail.smtp.SMTPTransport.openServer(SMTPTransport.java:1900) ~[mail-1.4.4.jar:1.4.4]
INFO   | jvm 1    | main    | 2019/12/31 00:00:52.062 | 	at com.sun.mail.smtp.SMTPTransport.protocolConnect(SMTPTransport.java:638) ~[mail-1.4.4.jar:1.4.4]
INFO   | jvm 1    | main    | 2019/12/31 00:00:52.062 | 	at javax.mail.Service.connect(Service.java:317) ~[mail-1.4.4.jar:1.4.4]
INFO   | jvm 1    | main    | 2019/12/31 00:00:52.062 | 	at javax.mail.Service.connect(Service.java:176) ~[mail-1.4.4.jar:1.4.4]
INFO   | jvm 1    | main    | 2019/12/31 00:00:52.062 | 	at javax.mail.Service.connect(Service.java:125) ~[mail-1.4.4.jar:1.4.4]
INFO   | jvm 1    | main    | 2019/12/31 00:00:52.062 | 	at javax.mail.Transport.send0(Transport.java:194) ~[mail-1.4.4.jar:1.4.4]
INFO   | jvm 1    | main    | 2019/12/31 00:00:52.063 | 	at javax.mail.Transport.send(Transport.java:124) ~[mail-1.4.4.jar:1.4.4]
INFO   | jvm 1    | main    | 2019/12/31 00:00:52.063 | 	at org.apache.commons.mail.Email.sendMimeMessage(Email.java:1459) ~[commons-email-1.5.jar:1.5]
INFO   | jvm 1    | main    | 2019/12/31 00:00:52.063 | 	... 9 more
INFO   | jvm 1    | main    | 2019/12/31 00:01:01.978 | INFO  [sendNewsCronJob::de.hybris.platform.servicelayer.internal.jalo.ServicelayerJob] (sendNewsCronJob) [SendNewsJob] Sending news mails. Note that org.apache.commons.mail.send() can block if behind a firewall/proxy.
INFO   | jvm 1    | main    | 2019/12/31 00:01:01.978 | INFO  [sendNewsCronJob::de.hybris.platform.servicelayer.internal.jalo.ServicelayerJob] (sendNewsCronJob) [SendNewsJob] No news items for today, skipping send of ranking mails
INFO   | jvm 1    | main    | 2019/12/31 00:01:11.994 | INFO  [sendNewsCronJob::de.hybris.platform.servicelayer.internal.jalo.ServicelayerJob] (sendNewsCronJob) [SendNewsJob] Sending news mails. Note that org.apache.commons.mail.send() can block if behind a firewall/proxy.
INFO   | jvm 1    | main    | 2019/12/31 00:01:11.994 | INFO  [sendNewsCronJob::de.hybris.platform.servicelayer.internal.jalo.ServicelayerJob] (sendNewsCronJob) [SendNewsJob] No news items for today, skipping send of ranking mails
INFO   | jvm 1    | main    | 2019/12/31 00:01:22.009 | INFO  [sendNewsCronJob::de.hybris.platform.servicelayer.internal.jalo.ServicelayerJob] (sendNewsCronJob) [SendNewsJob] Sending news mails. Note that org.apache.commons.mail.send() can block if behind a firewall/proxy.
INFO   | jvm 1    | main    | 2019/12/31 00:01:22.009 | INFO  [sendNewsCronJob::de.hybris.platform.servicelayer.internal.jalo.ServicelayerJob] (sendNewsCronJob) [SendNewsJob] No news items for today, skipping send of ranking mails
INFO   | jvm 1    | main    | 2019/12/31 00:01:32.024 | INFO  [sendNewsCronJob::de.hybris.platform.servicelayer.internal.jalo.ServicelayerJob] (sendNewsCronJob) [SendNewsJob] Sending news mails. Note that org.apache.commons.mail.send() can block if behind a firewall/proxy.
INFO   | jvm 1    | main    | 2019/12/31 00:01:32.024 | INFO  [sendNewsCronJob::de.hybris.platform.servicelayer.internal.jalo.ServicelayerJob] (sendNewsCronJob) [SendNewsJob] No news items for today, skipping send of ranking mails
INFO   | jvm 1    | main    | 2019/12/31 00:01:42.040 | INFO  [sendNewsCronJob::de.hybris.platform.servicelayer.internal.jalo.ServicelayerJob] (sendNewsCronJob) [SendNewsJob] Sending news mails. Note that org.apache.commons.mail.send() can block if behind a firewall/proxy.
INFO   | jvm 1    | main    | 2019/12/31 00:01:42.040 | INFO  [sendNewsCronJob::de.hybris.platform.servicelayer.internal.jalo.ServicelayerJob] (sendNewsCronJob) [SendNewsJob] No news items for today, skipping send of ranking mails
INFO   | jvm 1    | main    | 2019/12/31 00:01:52.056 | INFO  [sendNewsCronJob::de.hybris.platform.servicelayer.internal.jalo.ServicelayerJob] (sendNewsCronJob) [SendNewsJob] Sending news mails. Note that org.apache.commons.mail.send() can block if behind a firewall/proxy.
INFO   | jvm 1    | main    | 2019/12/31 00:01:52.056 | INFO  [sendNewsCronJob::de.hybris.platform.servicelayer.internal.jalo.ServicelayerJob] (sendNewsCronJob) [SendNewsJob] No news items for today, skipping send of ranking mails
INFO   | jvm 1    | main    | 2019/12/31 00:02:01.970 | INFO  [sendNewsCronJob::de.hybris.platform.servicelayer.internal.jalo.ServicelayerJob] (sendNewsCronJob) [SendNewsJob] Sending news mails. Note that org.apache.commons.mail.send() can block if behind a firewall/proxy.
INFO   | jvm 1    | main    | 2019/12/31 00:02:01.970 | INFO  [sendNewsCronJob::de.hybris.platform.servicelayer.internal.jalo.ServicelayerJob] (sendNewsCronJob) [SendNewsJob] No news items for today, skipping send of ranking mails
INFO   | jvm 1    | main    | 2019/12/31 00:02:11.984 | INFO  [sendNewsCronJob::de.hybris.platform.servicelayer.internal.jalo.ServicelayerJob] (sendNewsCronJob) [SendNewsJob] Sending news mails. Note that org.apache.commons.mail.send() can block if behind a firewall/proxy.
INFO   | jvm 1    | main    | 2019/12/31 00:02:11.984 | INFO  [sendNewsCronJob::de.hybris.platform.servicelayer.internal.jalo.ServicelayerJob] (sendNewsCronJob) [SendNewsJob] No news items for today, skipping send of ranking mails
INFO   | jvm 1    | main    | 2019/12/31 00:02:21.998 | INFO  [sendNewsCronJob::de.hybris.platform.servicelayer.internal.jalo.ServicelayerJob] (sendNewsCronJob) [SendNewsJob] Sending news mails. Note that org.apache.commons.mail.send() can block if behind a firewall/proxy.
INFO   | jvm 1    | main    | 2019/12/31 00:02:21.998 | INFO  [sendNewsCronJob::de.hybris.platform.servicelayer.internal.jalo.ServicelayerJob] (sendNewsCronJob) [SendNewsJob] No news items for today, skipping send of ranking mails
INFO   | jvm 1    | main    | 2019/12/31 00:02:32.013 | INFO  [sendNewsCronJob::de.hybris.platform.servicelayer.internal.jalo.ServicelayerJob] (sendNewsCronJob) [SendNewsJob] Sending news mails. Note that org.apache.commons.mail.send() can block if behind a firewall/proxy.
INFO   | jvm 1    | main    | 2019/12/31 00:02:32.013 | INFO  [sendNewsCronJob::de.hybris.platform.servicelayer.internal.jalo.ServicelayerJob] (sendNewsCronJob) [SendNewsJob] No news items for today, skipping send of ranking mails
INFO   | jvm 1    | main    | 2019/12/31 00:02:42.030 | INFO  [sendNewsCronJob::de.hybris.platform.servicelayer.internal.jalo.ServicelayerJob] (sendNewsCronJob) [SendNewsJob] Sending news mails. Note that org.apache.commons.mail.send() can block if behind a firewall/proxy.
INFO   | jvm 1    | main    | 2019/12/31 00:02:42.030 | INFO  [sendNewsCronJob::de.hybris.platform.servicelayer.internal.jalo.ServicelayerJob] (sendNewsCronJob) [SendNewsJob] No news items for today, skipping send of ranking mails
INFO   | jvm 1    | main    | 2019/12/31 00:02:52.045 | INFO  [sendNewsCronJob::de.hybris.platform.servicelayer.internal.jalo.ServicelayerJob] (sendNewsCronJob) [SendNewsJob] Sending news mails. Note that org.apache.commons.mail.send() can block if behind a firewall/proxy.
INFO   | jvm 1    | main    | 2019/12/31 00:02:52.045 | INFO  [sendNewsCronJob::de.hybris.platform.servicelayer.internal.jalo.ServicelayerJob] (sendNewsCronJob) [SendNewsJob] No news items for today, skipping send of ranking mails
INFO   | jvm 1    | main    | 2019/12/31 00:03:02.059 | INFO  [sendNewsCronJob::de.hybris.platform.servicelayer.internal.jalo.ServicelayerJob] (sendNewsCronJob) [SendNewsJob] Sending news mails. Note that org.apache.commons.mail.send() can block if behind a firewall/proxy.
INFO   | jvm 1    | main    | 2019/12/31 00:03:02.059 | INFO  [sendNewsCronJob::de.hybris.platform.servicelayer.internal.jalo.ServicelayerJob] (sendNewsCronJob) [SendNewsJob] No news items for today, skipping send of ranking mails
INFO   | jvm 1    | main    | 2019/12/31 00:03:12.075 | INFO  [sendNewsCronJob::de.hybris.platform.servicelayer.internal.jalo.ServicelayerJob] (sendNewsCronJob) [SendNewsJob] Sending news mails. Note that org.apache.commons.mail.send() can block if behind a firewall/proxy.
INFO   | jvm 1    | main    | 2019/12/31 00:03:12.075 | INFO  [sendNewsCronJob::de.hybris.platform.servicelayer.internal.jalo.ServicelayerJob] (sendNewsCronJob) [SendNewsJob] No news items for today, skipping send of ranking mails
INFO   | jvm 1    | main    | 2019/12/31 00:03:22.091 | INFO  [sendNewsCronJob::de.hybris.platform.servicelayer.internal.jalo.ServicelayerJob] (sendNewsCronJob) [SendNewsJob] Sending news mails. Note that org.apache.commons.mail.send() can block if behind a firewall/proxy.
INFO   | jvm 1    | main    | 2019/12/31 00:03:22.091 | INFO  [sendNewsCronJob::de.hybris.platform.servicelayer.internal.jalo.ServicelayerJob] (sendNewsCronJob) [SendNewsJob] No news items for today, skipping send of ranking mails
INFO   | jvm 1    | main    | 2019/12/31 00:03:32.004 | INFO  [sendNewsCronJob::de.hybris.platform.servicelayer.internal.jalo.ServicelayerJob] (sendNewsCronJob) [SendNewsJob] Sending news mails. Note that org.apache.commons.mail.send() can block if behind a firewall/proxy.
INFO   | jvm 1    | main    | 2019/12/31 00:03:32.004 | INFO  [sendNewsCronJob::de.hybris.platform.servicelayer.internal.jalo.ServicelayerJob] (sendNewsCronJob) [SendNewsJob] No news items for today, skipping send of ranking mails
INFO   | jvm 1    | main    | 2019/12/31 00:03:42.018 | INFO  [sendNewsCronJob::de.hybris.platform.servicelayer.internal.jalo.ServicelayerJob] (sendNewsCronJob) [SendNewsJob] Sending news mails. Note that org.apache.commons.mail.send() can block if behind a firewall/proxy.
INFO   | jvm 1    | main    | 2019/12/31 00:03:42.018 | INFO  [sendNewsCronJob::de.hybris.platform.servicelayer.internal.jalo.ServicelayerJob] (sendNewsCronJob) [SendNewsJob] No news items for today, skipping send of ranking mails
INFO   | jvm 1    | main    | 2019/12/31 00:03:52.032 | INFO  [sendNewsCronJob::de.hybris.platform.servicelayer.internal.jalo.ServicelayerJob] (sendNewsCronJob) [SendNewsJob] Sending news mails. Note that org.apache.commons.mail.send() can block if behind a firewall/proxy.
INFO   | jvm 1    | main    | 2019/12/31 00:03:52.032 | INFO  [sendNewsCronJob::de.hybris.platform.servicelayer.internal.jalo.ServicelayerJob] (sendNewsCronJob) [SendNewsJob] No news items for today, skipping send of ranking mails
INFO   | jvm 1    | main    | 2019/12/31 00:04:02.048 | INFO  [sendNewsCronJob::de.hybris.platform.servicelayer.internal.jalo.ServicelayerJob] (sendNewsCronJob) [SendNewsJob] Sending news mails. Note that org.apache.commons.mail.send() can block if behind a firewall/proxy.
INFO   | jvm 1    | main    | 2019/12/31 00:04:02.049 | INFO  [sendNewsCronJob::de.hybris.platform.servicelayer.internal.jalo.ServicelayerJob] (sendNewsCronJob) [SendNewsJob] No news items for today, skipping send of ranking mails
INFO   | jvm 1    | main    | 2019/12/31 00:04:12.062 | INFO  [sendNewsCronJob::de.hybris.platform.servicelayer.internal.jalo.ServicelayerJob] (sendNewsCronJob) [SendNewsJob] Sending news mails. Note that org.apache.commons.mail.send() can block if behind a firewall/proxy.
INFO   | jvm 1    | main    | 2019/12/31 00:04:12.062 | INFO  [sendNewsCronJob::de.hybris.platform.servicelayer.internal.jalo.ServicelayerJob] (sendNewsCronJob) [SendNewsJob] No news items for today, skipping send of ranking mails
INFO   | jvm 1    | main    | 2019/12/31 00:04:22.180 | INFO  [sendNewsCronJob::de.hybris.platform.servicelayer.internal.jalo.ServicelayerJob] (sendNewsCronJob) [SendNewsJob] Sending news mails. Note that org.apache.commons.mail.send() can block if behind a firewall/proxy.
INFO   | jvm 1    | main    | 2019/12/31 00:04:22.180 | INFO  [sendNewsCronJob::de.hybris.platform.servicelayer.internal.jalo.ServicelayerJob] (sendNewsCronJob) [SendNewsJob] No news items for today, skipping send of ranking mails
INFO   | jvm 1    | main    | 2019/12/31 00:04:32.095 | INFO  [sendNewsCronJob::de.hybris.platform.servicelayer.internal.jalo.ServicelayerJob] (sendNewsCronJob) [SendNewsJob] Sending news mails. Note that org.apache.commons.mail.send() can block if behind a firewall/proxy.
INFO   | jvm 1    | main    | 2019/12/31 00:04:32.095 | INFO  [sendNewsCronJob::de.hybris.platform.servicelayer.internal.jalo.ServicelayerJob] (sendNewsCronJob) [SendNewsJob] No news items for today, skipping send of ranking mails
INFO   | jvm 1    | main    | 2019/12/31 00:04:42.110 | INFO  [sendNewsCronJob::de.hybris.platform.servicelayer.internal.jalo.ServicelayerJob] (sendNewsCronJob) [SendNewsJob] Sending news mails. Note that org.apache.commons.mail.send() can block if behind a firewall/proxy.
INFO   | jvm 1    | main    | 2019/12/31 00:04:42.110 | INFO  [sendNewsCronJob::de.hybris.platform.servicelayer.internal.jalo.ServicelayerJob] (sendNewsCronJob) [SendNewsJob] No news items for today, skipping send of ranking mails
INFO   | jvm 1    | main    | 2019/12/31 00:04:52.125 | INFO  [sendNewsCronJob::de.hybris.platform.servicelayer.internal.jalo.ServicelayerJob] (sendNewsCronJob) [SendNewsJob] Sending news mails. Note that org.apache.commons.mail.send() can block if behind a firewall/proxy.
INFO   | jvm 1    | main    | 2019/12/31 00:04:52.125 | INFO  [sendNewsCronJob::de.hybris.platform.servicelayer.internal.jalo.ServicelayerJob] (sendNewsCronJob) [SendNewsJob] No news items for today, skipping send of ranking mails
INFO   | jvm 1    | main    | 2019/12/31 00:05:02.039 | INFO  [sendNewsCronJob::de.hybris.platform.servicelayer.internal.jalo.ServicelayerJob] (sendNewsCronJob) [SendNewsJob] Sending news mails. Note that org.apache.commons.mail.send() can block if behind a firewall/proxy.
INFO   | jvm 1    | main    | 2019/12/31 00:05:02.039 | INFO  [sendNewsCronJob::de.hybris.platform.servicelayer.internal.jalo.ServicelayerJob] (sendNewsCronJob) [SendNewsJob] No news items for today, skipping send of ranking mails
INFO   | jvm 1    | main    | 2019/12/31 00:05:12.058 | INFO  [sendNewsCronJob::de.hybris.platform.servicelayer.internal.jalo.ServicelayerJob] (sendNewsCronJob) [SendNewsJob] Sending news mails. Note that org.apache.commons.mail.send() can block if behind a firewall/proxy.
INFO   | jvm 1    | main    | 2019/12/31 00:05:12.058 | INFO  [sendNewsCronJob::de.hybris.platform.servicelayer.internal.jalo.ServicelayerJob] (sendNewsCronJob) [SendNewsJob] No news items for today, skipping send of ranking mails
INFO   | jvm 1    | main    | 2019/12/31 00:05:22.072 | INFO  [sendNewsCronJob::de.hybris.platform.servicelayer.internal.jalo.ServicelayerJob] (sendNewsCronJob) [SendNewsJob] Sending news mails. Note that org.apache.commons.mail.send() can block if behind a firewall/proxy.
INFO   | jvm 1    | main    | 2019/12/31 00:05:22.072 | INFO  [sendNewsCronJob::de.hybris.platform.servicelayer.internal.jalo.ServicelayerJob] (sendNewsCronJob) [SendNewsJob] No news items for today, skipping send of ranking mails
INFO   | jvm 1    | main    | 2019/12/31 00:05:32.087 | INFO  [sendNewsCronJob::de.hybris.platform.servicelayer.internal.jalo.ServicelayerJob] (sendNewsCronJob) [SendNewsJob] Sending news mails. Note that org.apache.commons.mail.send() can block if behind a firewall/proxy.
INFO   | jvm 1    | main    | 2019/12/31 00:05:32.087 | INFO  [sendNewsCronJob::de.hybris.platform.servicelayer.internal.jalo.ServicelayerJob] (sendNewsCronJob) [SendNewsJob] No news items for today, skipping send of ranking mails
INFO   | jvm 1    | main    | 2019/12/31 00:05:42.101 | INFO  [sendNewsCronJob::de.hybris.platform.servicelayer.internal.jalo.ServicelayerJob] (sendNewsCronJob) [SendNewsJob] Sending news mails. Note that org.apache.commons.mail.send() can block if behind a firewall/proxy.
INFO   | jvm 1    | main    | 2019/12/31 00:05:42.101 | INFO  [sendNewsCronJob::de.hybris.platform.servicelayer.internal.jalo.ServicelayerJob] (sendNewsCronJob) [SendNewsJob] No news items for today, skipping send of ranking mails
INFO   | jvm 1    | main    | 2019/12/31 00:05:52.115 | INFO  [sendNewsCronJob::de.hybris.platform.servicelayer.internal.jalo.ServicelayerJob] (sendNewsCronJob) [SendNewsJob] Sending news mails. Note that org.apache.commons.mail.send() can block if behind a firewall/proxy.
INFO   | jvm 1    | main    | 2019/12/31 00:05:52.116 | INFO  [sendNewsCronJob::de.hybris.platform.servicelayer.internal.jalo.ServicelayerJob] (sendNewsCronJob) [SendNewsJob] No news items for today, skipping send of ranking mails
INFO   | jvm 1    | main    | 2019/12/31 00:06:02.128 | INFO  [sendNewsCronJob::de.hybris.platform.servicelayer.internal.jalo.ServicelayerJob] (sendNewsCronJob) [SendNewsJob] Sending news mails. Note that org.apache.commons.mail.send() can block if behind a firewall/proxy.
INFO   | jvm 1    | main    | 2019/12/31 00:06:02.128 | INFO  [sendNewsCronJob::de.hybris.platform.servicelayer.internal.jalo.ServicelayerJob] (sendNewsCronJob) [SendNewsJob] No news items for today, skipping send of ranking mails
INFO   | jvm 1    | main    | 2019/12/31 00:06:12.144 | INFO  [sendNewsCronJob::de.hybris.platform.servicelayer.internal.jalo.ServicelayerJob] (sendNewsCronJob) [SendNewsJob] Sending news mails. Note that org.apache.commons.mail.send() can block if behind a firewall/proxy.
INFO   | jvm 1    | main    | 2019/12/31 00:06:12.144 | INFO  [sendNewsCronJob::de.hybris.platform.servicelayer.internal.jalo.ServicelayerJob] (sendNewsCronJob) [SendNewsJob] No news items for today, skipping send of ranking mails
INFO   | jvm 1    | main    | 2019/12/31 00:06:22.160 | INFO  [sendNewsCronJob::de.hybris.platform.servicelayer.internal.jalo.ServicelayerJob] (sendNewsCronJob) [SendNewsJob] Sending news mails. Note that org.apache.commons.mail.send() can block if behind a firewall/proxy.
INFO   | jvm 1    | main    | 2019/12/31 00:06:22.160 | INFO  [sendNewsCronJob::de.hybris.platform.servicelayer.internal.jalo.ServicelayerJob] (sendNewsCronJob) [SendNewsJob] No news items for today, skipping send of ranking mails
INFO   | jvm 1    | main    | 2019/12/31 00:06:32.174 | INFO  [sendNewsCronJob::de.hybris.platform.servicelayer.internal.jalo.ServicelayerJob] (sendNewsCronJob) [SendNewsJob] Sending news mails. Note that org.apache.commons.mail.send() can block if behind a firewall/proxy.
INFO   | jvm 1    | main    | 2019/12/31 00:06:32.174 | INFO  [sendNewsCronJob::de.hybris.platform.servicelayer.internal.jalo.ServicelayerJob] (sendNewsCronJob) [SendNewsJob] No news items for today, skipping send of ranking mails
INFO   | jvm 1    | main    | 2019/12/31 00:06:42.088 | INFO  [sendNewsCronJob::de.hybris.platform.servicelayer.internal.jalo.ServicelayerJob] (sendNewsCronJob) [SendNewsJob] Sending news mails. Note that org.apache.commons.mail.send() can block if behind a firewall/proxy.
INFO   | jvm 1    | main    | 2019/12/31 00:06:42.088 | INFO  [sendNewsCronJob::de.hybris.platform.servicelayer.internal.jalo.ServicelayerJob] (sendNewsCronJob) [SendNewsJob] No news items for today, skipping send of ranking mails
INFO   | jvm 1    | main    | 2019/12/31 00:06:52.104 | INFO  [sendNewsCronJob::de.hybris.platform.servicelayer.internal.jalo.ServicelayerJob] (sendNewsCronJob) [SendNewsJob] Sending news mails. Note that org.apache.commons.mail.send() can block if behind a firewall/proxy.
INFO   | jvm 1    | main    | 2019/12/31 00:06:52.104 | INFO  [sendNewsCronJob::de.hybris.platform.servicelayer.internal.jalo.ServicelayerJob] (sendNewsCronJob) [SendNewsJob] No news items for today, skipping send of ranking mails
INFO   | jvm 1    | main    | 2019/12/31 00:07:02.115 | INFO  [sendNewsCronJob::de.hybris.platform.servicelayer.internal.jalo.ServicelayerJob] (sendNewsCronJob) [SendNewsJob] Sending news mails. Note that org.apache.commons.mail.send() can block if behind a firewall/proxy.
INFO   | jvm 1    | main    | 2019/12/31 00:07:02.115 | INFO  [sendNewsCronJob::de.hybris.platform.servicelayer.internal.jalo.ServicelayerJob] (sendNewsCronJob) [SendNewsJob] No news items for today, skipping send of ranking mails
INFO   | jvm 1    | main    | 2019/12/31 00:07:12.230 | INFO  [sendNewsCronJob::de.hybris.platform.servicelayer.internal.jalo.ServicelayerJob] (sendNewsCronJob) [SendNewsJob] Sending news mails. Note that org.apache.commons.mail.send() can block if behind a firewall/proxy.
INFO   | jvm 1    | main    | 2019/12/31 00:07:12.230 | INFO  [sendNewsCronJob::de.hybris.platform.servicelayer.internal.jalo.ServicelayerJob] (sendNewsCronJob) [SendNewsJob] No news items for today, skipping send of ranking mails
INFO   | jvm 1    | main    | 2019/12/31 00:07:22.146 | INFO  [sendNewsCronJob::de.hybris.platform.servicelayer.internal.jalo.ServicelayerJob] (sendNewsCronJob) [SendNewsJob] Sending news mails. Note that org.apache.commons.mail.send() can block if behind a firewall/proxy.
INFO   | jvm 1    | main    | 2019/12/31 00:07:22.146 | INFO  [sendNewsCronJob::de.hybris.platform.servicelayer.internal.jalo.ServicelayerJob] (sendNewsCronJob) [SendNewsJob] No news items for today, skipping send of ranking mails
INFO   | jvm 1    | main    | 2019/12/31 00:07:32.162 | INFO  [sendNewsCronJob::de.hybris.platform.servicelayer.internal.jalo.ServicelayerJob] (sendNewsCronJob) [SendNewsJob] Sending news mails. Note that org.apache.commons.mail.send() can block if behind a firewall/proxy.
INFO   | jvm 1    | main    | 2019/12/31 00:07:32.163 | INFO  [sendNewsCronJob::de.hybris.platform.servicelayer.internal.jalo.ServicelayerJob] (sendNewsCronJob) [SendNewsJob] No news items for today, skipping send of ranking mails
INFO   | jvm 1    | main    | 2019/12/31 00:07:42.177 | INFO  [sendNewsCronJob::de.hybris.platform.servicelayer.internal.jalo.ServicelayerJob] (sendNewsCronJob) [SendNewsJob] Sending news mails. Note that org.apache.commons.mail.send() can block if behind a firewall/proxy.
INFO   | jvm 1    | main    | 2019/12/31 00:07:42.177 | INFO  [sendNewsCronJob::de.hybris.platform.servicelayer.internal.jalo.ServicelayerJob] (sendNewsCronJob) [SendNewsJob] No news items for today, skipping send of ranking mails
INFO   | jvm 1    | main    | 2019/12/31 00:07:52.190 | INFO  [sendNewsCronJob::de.hybris.platform.servicelayer.internal.jalo.ServicelayerJob] (sendNewsCronJob) [SendNewsJob] Sending news mails. Note that org.apache.commons.mail.send() can block if behind a firewall/proxy.
INFO   | jvm 1    | main    | 2019/12/31 00:07:52.190 | INFO  [sendNewsCronJob::de.hybris.platform.servicelayer.internal.jalo.ServicelayerJob] (sendNewsCronJob) [SendNewsJob] No news items for today, skipping send of ranking mails
INFO   | jvm 1    | main    | 2019/12/31 00:08:02.206 | INFO  [sendNewsCronJob::de.hybris.platform.servicelayer.internal.jalo.ServicelayerJob] (sendNewsCronJob) [SendNewsJob] Sending news mails. Note that org.apache.commons.mail.send() can block if behind a firewall/proxy.
INFO   | jvm 1    | main    | 2019/12/31 00:08:02.206 | INFO  [sendNewsCronJob::de.hybris.platform.servicelayer.internal.jalo.ServicelayerJob] (sendNewsCronJob) [SendNewsJob] No news items for today, skipping send of ranking mails
INFO   | jvm 1    | main    | 2019/12/31 00:08:12.225 | INFO  [sendNewsCronJob::de.hybris.platform.servicelayer.internal.jalo.ServicelayerJob] (sendNewsCronJob) [SendNewsJob] Sending news mails. Note that org.apache.commons.mail.send() can block if behind a firewall/proxy.
INFO   | jvm 1    | main    | 2019/12/31 00:08:12.225 | INFO  [sendNewsCronJob::de.hybris.platform.servicelayer.internal.jalo.ServicelayerJob] (sendNewsCronJob) [SendNewsJob] No news items for today, skipping send of ranking mails
INFO   | jvm 1    | main    | 2019/12/31 00:08:22.238 | INFO  [sendNewsCronJob::de.hybris.platform.servicelayer.internal.jalo.ServicelayerJob] (sendNewsCronJob) [SendNewsJob] Sending news mails. Note that org.apache.commons.mail.send() can block if behind a firewall/proxy.
INFO   | jvm 1    | main    | 2019/12/31 00:08:22.238 | INFO  [sendNewsCronJob::de.hybris.platform.servicelayer.internal.jalo.ServicelayerJob] (sendNewsCronJob) [SendNewsJob] No news items for today, skipping send of ranking mails
INFO   | jvm 1    | main    | 2019/12/31 00:08:32.253 | INFO  [sendNewsCronJob::de.hybris.platform.servicelayer.internal.jalo.ServicelayerJob] (sendNewsCronJob) [SendNewsJob] Sending news mails. Note that org.apache.commons.mail.send() can block if behind a firewall/proxy.
INFO   | jvm 1    | main    | 2019/12/31 00:08:32.253 | INFO  [sendNewsCronJob::de.hybris.platform.servicelayer.internal.jalo.ServicelayerJob] (sendNewsCronJob) [SendNewsJob] No news items for today, skipping send of ranking mails
INFO   | jvm 1    | main    | 2019/12/31 00:08:42.267 | INFO  [sendNewsCronJob::de.hybris.platform.servicelayer.internal.jalo.ServicelayerJob] (sendNewsCronJob) [SendNewsJob] Sending news mails. Note that org.apache.commons.mail.send() can block if behind a firewall/proxy.
INFO   | jvm 1    | main    | 2019/12/31 00:08:42.267 | INFO  [sendNewsCronJob::de.hybris.platform.servicelayer.internal.jalo.ServicelayerJob] (sendNewsCronJob) [SendNewsJob] No news items for today, skipping send of ranking mails
INFO   | jvm 1    | main    | 2019/12/31 00:08:52.279 | INFO  [sendNewsCronJob::de.hybris.platform.servicelayer.internal.jalo.ServicelayerJob] (sendNewsCronJob) [SendNewsJob] Sending news mails. Note that org.apache.commons.mail.send() can block if behind a firewall/proxy.
INFO   | jvm 1    | main    | 2019/12/31 00:08:52.279 | INFO  [sendNewsCronJob::de.hybris.platform.servicelayer.internal.jalo.ServicelayerJob] (sendNewsCronJob) [SendNewsJob] No news items for today, skipping send of ranking mails
INFO   | jvm 1    | main    | 2019/12/31 00:09:02.195 | INFO  [sendNewsCronJob::de.hybris.platform.servicelayer.internal.jalo.ServicelayerJob] (sendNewsCronJob) [SendNewsJob] Sending news mails. Note that org.apache.commons.mail.send() can block if behind a firewall/proxy.
INFO   | jvm 1    | main    | 2019/12/31 00:09:02.196 | INFO  [sendNewsCronJob::de.hybris.platform.servicelayer.internal.jalo.ServicelayerJob] (sendNewsCronJob) [SendNewsJob] No news items for today, skipping send of ranking mails
INFO   | jvm 1    | main    | 2019/12/31 00:09:12.220 | INFO  [sendNewsCronJob::de.hybris.platform.servicelayer.internal.jalo.ServicelayerJob] (sendNewsCronJob) [SendNewsJob] Sending news mails. Note that org.apache.commons.mail.send() can block if behind a firewall/proxy.
INFO   | jvm 1    | main    | 2019/12/31 00:09:12.220 | INFO  [sendNewsCronJob::de.hybris.platform.servicelayer.internal.jalo.ServicelayerJob] (sendNewsCronJob) [SendNewsJob] No news items for today, skipping send of ranking mails
INFO   | jvm 1    | main    | 2019/12/31 00:09:22.238 | INFO  [sendNewsCronJob::de.hybris.platform.servicelayer.internal.jalo.ServicelayerJob] (sendNewsCronJob) [SendNewsJob] Sending news mails. Note that org.apache.commons.mail.send() can block if behind a firewall/proxy.
INFO   | jvm 1    | main    | 2019/12/31 00:09:22.238 | INFO  [sendNewsCronJob::de.hybris.platform.servicelayer.internal.jalo.ServicelayerJob] (sendNewsCronJob) [SendNewsJob] No news items for today, skipping send of ranking mails
INFO   | jvm 1    | main    | 2019/12/31 00:09:32.257 | INFO  [sendNewsCronJob::de.hybris.platform.servicelayer.internal.jalo.ServicelayerJob] (sendNewsCronJob) [SendNewsJob] Sending news mails. Note that org.apache.commons.mail.send() can block if behind a firewall/proxy.
INFO   | jvm 1    | main    | 2019/12/31 00:09:32.257 | INFO  [sendNewsCronJob::de.hybris.platform.servicelayer.internal.jalo.ServicelayerJob] (sendNewsCronJob) [SendNewsJob] No news items for today, skipping send of ranking mails
INFO   | jvm 1    | main    | 2019/12/31 00:09:42.272 | INFO  [sendNewsCronJob::de.hybris.platform.servicelayer.internal.jalo.ServicelayerJob] (sendNewsCronJob) [SendNewsJob] Sending news mails. Note that org.apache.commons.mail.send() can block if behind a firewall/proxy.
INFO   | jvm 1    | main    | 2019/12/31 00:09:42.272 | INFO  [sendNewsCronJob::de.hybris.platform.servicelayer.internal.jalo.ServicelayerJob] (sendNewsCronJob) [SendNewsJob] No news items for today, skipping send of ranking mails
INFO   | jvm 1    | main    | 2019/12/31 00:09:52.287 | INFO  [sendNewsCronJob::de.hybris.platform.servicelayer.internal.jalo.ServicelayerJob] (sendNewsCronJob) [SendNewsJob] Sending news mails. Note that org.apache.commons.mail.send() can block if behind a firewall/proxy.
INFO   | jvm 1    | main    | 2019/12/31 00:09:52.288 | INFO  [sendNewsCronJob::de.hybris.platform.servicelayer.internal.jalo.ServicelayerJob] (sendNewsCronJob) [SendNewsJob] No news items for today, skipping send of ranking mails
INFO   | jvm 1    | main    | 2019/12/31 00:10:02.202 | INFO  [sendNewsCronJob::de.hybris.platform.servicelayer.internal.jalo.ServicelayerJob] (sendNewsCronJob) [SendNewsJob] Sending news mails. Note that org.apache.commons.mail.send() can block if behind a firewall/proxy.
INFO   | jvm 1    | main    | 2019/12/31 00:10:02.202 | INFO  [sendNewsCronJob::de.hybris.platform.servicelayer.internal.jalo.ServicelayerJob] (sendNewsCronJob) [SendNewsJob] No news items for today, skipping send of ranking mails
INFO   | jvm 1    | main    | 2019/12/31 00:10:12.216 | INFO  [sendNewsCronJob::de.hybris.platform.servicelayer.internal.jalo.ServicelayerJob] (sendNewsCronJob) [SendNewsJob] Sending news mails. Note that org.apache.commons.mail.send() can block if behind a firewall/proxy.
INFO   | jvm 1    | main    | 2019/12/31 00:10:12.216 | INFO  [sendNewsCronJob::de.hybris.platform.servicelayer.internal.jalo.ServicelayerJob] (sendNewsCronJob) [SendNewsJob] No news items for today, skipping send of ranking mails
INFO   | jvm 1    | main    | 2019/12/31 00:10:22.330 | INFO  [sendNewsCronJob::de.hybris.platform.servicelayer.internal.jalo.ServicelayerJob] (sendNewsCronJob) [SendNewsJob] Sending news mails. Note that org.apache.commons.mail.send() can block if behind a firewall/proxy.
INFO   | jvm 1    | main    | 2019/12/31 00:10:22.331 | INFO  [sendNewsCronJob::de.hybris.platform.servicelayer.internal.jalo.ServicelayerJob] (sendNewsCronJob) [SendNewsJob] No news items for today, skipping send of ranking mails
INFO   | jvm 1    | main    | 2019/12/31 00:10:32.245 | INFO  [sendNewsCronJob::de.hybris.platform.servicelayer.internal.jalo.ServicelayerJob] (sendNewsCronJob) [SendNewsJob] Sending news mails. Note that org.apache.commons.mail.send() can block if behind a firewall/proxy.
INFO   | jvm 1    | main    | 2019/12/31 00:10:32.245 | INFO  [sendNewsCronJob::de.hybris.platform.servicelayer.internal.jalo.ServicelayerJob] (sendNewsCronJob) [SendNewsJob] No news items for today, skipping send of ranking mails
INFO   | jvm 1    | main    | 2019/12/31 00:10:42.261 | INFO  [sendNewsCronJob::de.hybris.platform.servicelayer.internal.jalo.ServicelayerJob] (sendNewsCronJob) [SendNewsJob] Sending news mails. Note that org.apache.commons.mail.send() can block if behind a firewall/proxy.
INFO   | jvm 1    | main    | 2019/12/31 00:10:42.261 | INFO  [sendNewsCronJob::de.hybris.platform.servicelayer.internal.jalo.ServicelayerJob] (sendNewsCronJob) [SendNewsJob] No news items for today, skipping send of ranking mails
INFO   | jvm 1    | main    | 2019/12/31 00:10:52.275 | INFO  [sendNewsCronJob::de.hybris.platform.servicelayer.internal.jalo.ServicelayerJob] (sendNewsCronJob) [SendNewsJob] Sending news mails. Note that org.apache.commons.mail.send() can block if behind a firewall/proxy.
INFO   | jvm 1    | main    | 2019/12/31 00:10:52.275 | INFO  [sendNewsCronJob::de.hybris.platform.servicelayer.internal.jalo.ServicelayerJob] (sendNewsCronJob) [SendNewsJob] No news items for today, skipping send of ranking mails
INFO   | jvm 1    | main    | 2019/12/31 00:11:02.290 | INFO  [sendNewsCronJob::de.hybris.platform.servicelayer.internal.jalo.ServicelayerJob] (sendNewsCronJob) [SendNewsJob] Sending news mails. Note that org.apache.commons.mail.send() can block if behind a firewall/proxy.
INFO   | jvm 1    | main    | 2019/12/31 00:11:02.290 | INFO  [sendNewsCronJob::de.hybris.platform.servicelayer.internal.jalo.ServicelayerJob] (sendNewsCronJob) [SendNewsJob] No news items for today, skipping send of ranking mails
INFO   | jvm 1    | main    | 2019/12/31 00:11:12.305 | INFO  [sendNewsCronJob::de.hybris.platform.servicelayer.internal.jalo.ServicelayerJob] (sendNewsCronJob) [SendNewsJob] Sending news mails. Note that org.apache.commons.mail.send() can block if behind a firewall/proxy.
INFO   | jvm 1    | main    | 2019/12/31 00:11:12.306 | INFO  [sendNewsCronJob::de.hybris.platform.servicelayer.internal.jalo.ServicelayerJob] (sendNewsCronJob) [SendNewsJob] No news items for today, skipping send of ranking mails
INFO   | jvm 1    | main    | 2019/12/31 00:11:22.320 | INFO  [sendNewsCronJob::de.hybris.platform.servicelayer.internal.jalo.ServicelayerJob] (sendNewsCronJob) [SendNewsJob] Sending news mails. Note that org.apache.commons.mail.send() can block if behind a firewall/proxy.
INFO   | jvm 1    | main    | 2019/12/31 00:11:22.320 | INFO  [sendNewsCronJob::de.hybris.platform.servicelayer.internal.jalo.ServicelayerJob] (sendNewsCronJob) [SendNewsJob] No news items for today, skipping send of ranking mails
INFO   | jvm 1    | main    | 2019/12/31 00:11:32.337 | INFO  [sendNewsCronJob::de.hybris.platform.servicelayer.internal.jalo.ServicelayerJob] (sendNewsCronJob) [SendNewsJob] Sending news mails. Note that org.apache.commons.mail.send() can block if behind a firewall/proxy.
INFO   | jvm 1    | main    | 2019/12/31 00:11:32.337 | INFO  [sendNewsCronJob::de.hybris.platform.servicelayer.internal.jalo.ServicelayerJob] (sendNewsCronJob) [SendNewsJob] No news items for today, skipping send of ranking mails
INFO   | jvm 1    | main    | 2019/12/31 00:11:42.351 | INFO  [sendNewsCronJob::de.hybris.platform.servicelayer.internal.jalo.ServicelayerJob] (sendNewsCronJob) [SendNewsJob] Sending news mails. Note that org.apache.commons.mail.send() can block if behind a firewall/proxy.
INFO   | jvm 1    | main    | 2019/12/31 00:11:42.351 | INFO  [sendNewsCronJob::de.hybris.platform.servicelayer.internal.jalo.ServicelayerJob] (sendNewsCronJob) [SendNewsJob] No news items for today, skipping send of ranking mails
INFO   | jvm 1    | main    | 2019/12/31 00:11:52.264 | INFO  [sendNewsCronJob::de.hybris.platform.servicelayer.internal.jalo.ServicelayerJob] (sendNewsCronJob) [SendNewsJob] Sending news mails. Note that org.apache.commons.mail.send() can block if behind a firewall/proxy.
INFO   | jvm 1    | main    | 2019/12/31 00:11:52.264 | INFO  [sendNewsCronJob::de.hybris.platform.servicelayer.internal.jalo.ServicelayerJob] (sendNewsCronJob) [SendNewsJob] No news items for today, skipping send of ranking mails
INFO   | jvm 1    | main    | 2019/12/31 00:12:02.378 | INFO  [sendNewsCronJob::de.hybris.platform.servicelayer.internal.jalo.ServicelayerJob] (sendNewsCronJob) [SendNewsJob] Sending news mails. Note that org.apache.commons.mail.send() can block if behind a firewall/proxy.
INFO   | jvm 1    | main    | 2019/12/31 00:12:02.378 | INFO  [sendNewsCronJob::de.hybris.platform.servicelayer.internal.jalo.ServicelayerJob] (sendNewsCronJob) [SendNewsJob] No news items for today, skipping send of ranking mails
INFO   | jvm 1    | main    | 2019/12/31 00:12:12.292 | INFO  [sendNewsCronJob::de.hybris.platform.servicelayer.internal.jalo.ServicelayerJob] (sendNewsCronJob) [SendNewsJob] Sending news mails. Note that org.apache.commons.mail.send() can block if behind a firewall/proxy.
INFO   | jvm 1    | main    | 2019/12/31 00:12:12.292 | INFO  [sendNewsCronJob::de.hybris.platform.servicelayer.internal.jalo.ServicelayerJob] (sendNewsCronJob) [SendNewsJob] No news items for today, skipping send of ranking mails
INFO   | jvm 1    | main    | 2019/12/31 00:12:22.307 | INFO  [sendNewsCronJob::de.hybris.platform.servicelayer.internal.jalo.ServicelayerJob] (sendNewsCronJob) [SendNewsJob] Sending news mails. Note that org.apache.commons.mail.send() can block if behind a firewall/proxy.
INFO   | jvm 1    | main    | 2019/12/31 00:12:22.307 | INFO  [sendNewsCronJob::de.hybris.platform.servicelayer.internal.jalo.ServicelayerJob] (sendNewsCronJob) [SendNewsJob] No news items for today, skipping send of ranking mails
INFO   | jvm 1    | main    | 2019/12/31 00:12:32.320 | INFO  [sendNewsCronJob::de.hybris.platform.servicelayer.internal.jalo.ServicelayerJob] (sendNewsCronJob) [SendNewsJob] Sending news mails. Note that org.apache.commons.mail.send() can block if behind a firewall/proxy.
INFO   | jvm 1    | main    | 2019/12/31 00:12:32.320 | INFO  [sendNewsCronJob::de.hybris.platform.servicelayer.internal.jalo.ServicelayerJob] (sendNewsCronJob) [SendNewsJob] No news items for today, skipping send of ranking mails
INFO   | jvm 1    | main    | 2019/12/31 00:12:42.335 | INFO  [sendNewsCronJob::de.hybris.platform.servicelayer.internal.jalo.ServicelayerJob] (sendNewsCronJob) [SendNewsJob] Sending news mails. Note that org.apache.commons.mail.send() can block if behind a firewall/proxy.
INFO   | jvm 1    | main    | 2019/12/31 00:12:42.335 | INFO  [sendNewsCronJob::de.hybris.platform.servicelayer.internal.jalo.ServicelayerJob] (sendNewsCronJob) [SendNewsJob] No news items for today, skipping send of ranking mails
INFO   | jvm 1    | main    | 2019/12/31 00:12:52.349 | INFO  [sendNewsCronJob::de.hybris.platform.servicelayer.internal.jalo.ServicelayerJob] (sendNewsCronJob) [SendNewsJob] Sending news mails. Note that org.apache.commons.mail.send() can block if behind a firewall/proxy.
INFO   | jvm 1    | main    | 2019/12/31 00:12:52.349 | INFO  [sendNewsCronJob::de.hybris.platform.servicelayer.internal.jalo.ServicelayerJob] (sendNewsCronJob) [SendNewsJob] No news items for today, skipping send of ranking mails
INFO   | jvm 1    | main    | 2019/12/31 00:13:02.365 | INFO  [sendNewsCronJob::de.hybris.platform.servicelayer.internal.jalo.ServicelayerJob] (sendNewsCronJob) [SendNewsJob] Sending news mails. Note that org.apache.commons.mail.send() can block if behind a firewall/proxy.
INFO   | jvm 1    | main    | 2019/12/31 00:13:02.365 | INFO  [sendNewsCronJob::de.hybris.platform.servicelayer.internal.jalo.ServicelayerJob] (sendNewsCronJob) [SendNewsJob] No news items for today, skipping send of ranking mails
INFO   | jvm 1    | main    | 2019/12/31 00:13:12.380 | INFO  [sendNewsCronJob::de.hybris.platform.servicelayer.internal.jalo.ServicelayerJob] (sendNewsCronJob) [SendNewsJob] Sending news mails. Note that org.apache.commons.mail.send() can block if behind a firewall/proxy.
INFO   | jvm 1    | main    | 2019/12/31 00:13:12.380 | INFO  [sendNewsCronJob::de.hybris.platform.servicelayer.internal.jalo.ServicelayerJob] (sendNewsCronJob) [SendNewsJob] No news items for today, skipping send of ranking mails
INFO   | jvm 1    | main    | 2019/12/31 00:13:22.395 | INFO  [sendNewsCronJob::de.hybris.platform.servicelayer.internal.jalo.ServicelayerJob] (sendNewsCronJob) [SendNewsJob] Sending news mails. Note that org.apache.commons.mail.send() can block if behind a firewall/proxy.
INFO   | jvm 1    | main    | 2019/12/31 00:13:22.395 | INFO  [sendNewsCronJob::de.hybris.platform.servicelayer.internal.jalo.ServicelayerJob] (sendNewsCronJob) [SendNewsJob] No news items for today, skipping send of ranking mails
INFO   | jvm 1    | main    | 2019/12/31 00:13:32.309 | INFO  [sendNewsCronJob::de.hybris.platform.servicelayer.internal.jalo.ServicelayerJob] (sendNewsCronJob) [SendNewsJob] Sending news mails. Note that org.apache.commons.mail.send() can block if behind a firewall/proxy.
INFO   | jvm 1    | main    | 2019/12/31 00:13:32.309 | INFO  [sendNewsCronJob::de.hybris.platform.servicelayer.internal.jalo.ServicelayerJob] (sendNewsCronJob) [SendNewsJob] No news items for today, skipping send of ranking mails
INFO   | jvm 1    | main    | 2019/12/31 00:13:42.325 | INFO  [sendNewsCronJob::de.hybris.platform.servicelayer.internal.jalo.ServicelayerJob] (sendNewsCronJob) [SendNewsJob] Sending news mails. Note that org.apache.commons.mail.send() can block if behind a firewall/proxy.
INFO   | jvm 1    | main    | 2019/12/31 00:13:42.325 | INFO  [sendNewsCronJob::de.hybris.platform.servicelayer.internal.jalo.ServicelayerJob] (sendNewsCronJob) [SendNewsJob] No news items for today, skipping send of ranking mails
INFO   | jvm 1    | main    | 2019/12/31 00:13:52.341 | INFO  [sendNewsCronJob::de.hybris.platform.servicelayer.internal.jalo.ServicelayerJob] (sendNewsCronJob) [SendNewsJob] Sending news mails. Note that org.apache.commons.mail.send() can block if behind a firewall/proxy.
INFO   | jvm 1    | main    | 2019/12/31 00:13:52.341 | INFO  [sendNewsCronJob::de.hybris.platform.servicelayer.internal.jalo.ServicelayerJob] (sendNewsCronJob) [SendNewsJob] No news items for today, skipping send of ranking mails
INFO   | jvm 1    | main    | 2019/12/31 00:14:02.356 | INFO  [sendNewsCronJob::de.hybris.platform.servicelayer.internal.jalo.ServicelayerJob] (sendNewsCronJob) [SendNewsJob] Sending news mails. Note that org.apache.commons.mail.send() can block if behind a firewall/proxy.
INFO   | jvm 1    | main    | 2019/12/31 00:14:02.356 | INFO  [sendNewsCronJob::de.hybris.platform.servicelayer.internal.jalo.ServicelayerJob] (sendNewsCronJob) [SendNewsJob] No news items for today, skipping send of ranking mails
INFO   | jvm 1    | main    | 2019/12/31 00:14:12.370 | INFO  [sendNewsCronJob::de.hybris.platform.servicelayer.internal.jalo.ServicelayerJob] (sendNewsCronJob) [SendNewsJob] Sending news mails. Note that org.apache.commons.mail.send() can block if behind a firewall/proxy.
INFO   | jvm 1    | main    | 2019/12/31 00:14:12.371 | INFO  [sendNewsCronJob::de.hybris.platform.servicelayer.internal.jalo.ServicelayerJob] (sendNewsCronJob) [SendNewsJob] No news items for today, skipping send of ranking mails
INFO   | jvm 1    | main    | 2019/12/31 00:14:22.385 | INFO  [sendNewsCronJob::de.hybris.platform.servicelayer.internal.jalo.ServicelayerJob] (sendNewsCronJob) [SendNewsJob] Sending news mails. Note that org.apache.commons.mail.send() can block if behind a firewall/proxy.
INFO   | jvm 1    | main    | 2019/12/31 00:14:22.385 | INFO  [sendNewsCronJob::de.hybris.platform.servicelayer.internal.jalo.ServicelayerJob] (sendNewsCronJob) [SendNewsJob] No news items for today, skipping send of ranking mails
INFO   | jvm 1    | main    | 2019/12/31 00:14:32.400 | INFO  [sendNewsCronJob::de.hybris.platform.servicelayer.internal.jalo.ServicelayerJob] (sendNewsCronJob) [SendNewsJob] Sending news mails. Note that org.apache.commons.mail.send() can block if behind a firewall/proxy.
INFO   | jvm 1    | main    | 2019/12/31 00:14:32.400 | INFO  [sendNewsCronJob::de.hybris.platform.servicelayer.internal.jalo.ServicelayerJob] (sendNewsCronJob) [SendNewsJob] No news items for today, skipping send of ranking mails
INFO   | jvm 1    | main    | 2019/12/31 00:14:42.415 | INFO  [sendNewsCronJob::de.hybris.platform.servicelayer.internal.jalo.ServicelayerJob] (sendNewsCronJob) [SendNewsJob] Sending news mails. Note that org.apache.commons.mail.send() can block if behind a firewall/proxy.
INFO   | jvm 1    | main    | 2019/12/31 00:14:42.415 | INFO  [sendNewsCronJob::de.hybris.platform.servicelayer.internal.jalo.ServicelayerJob] (sendNewsCronJob) [SendNewsJob] No news items for today, skipping send of ranking mails
INFO   | jvm 1    | main    | 2019/12/31 00:14:52.430 | INFO  [sendNewsCronJob::de.hybris.platform.servicelayer.internal.jalo.ServicelayerJob] (sendNewsCronJob) [SendNewsJob] Sending news mails. Note that org.apache.commons.mail.send() can block if behind a firewall/proxy.
INFO   | jvm 1    | main    | 2019/12/31 00:14:52.430 | INFO  [sendNewsCronJob::de.hybris.platform.servicelayer.internal.jalo.ServicelayerJob] (sendNewsCronJob) [SendNewsJob] No news items for today, skipping send of ranking mails
INFO   | jvm 1    | main    | 2019/12/31 00:15:02.452 | INFO  [sendNewsCronJob::de.hybris.platform.servicelayer.internal.jalo.ServicelayerJob] (sendNewsCronJob) [SendNewsJob] Sending news mails. Note that org.apache.commons.mail.send() can block if behind a firewall/proxy.
INFO   | jvm 1    | main    | 2019/12/31 00:15:02.452 | INFO  [sendNewsCronJob::de.hybris.platform.servicelayer.internal.jalo.ServicelayerJob] (sendNewsCronJob) [SendNewsJob] No news items for today, skipping send of ranking mails
INFO   | jvm 1    | main    | 2019/12/31 00:15:12.468 | INFO  [sendNewsCronJob::de.hybris.platform.servicelayer.internal.jalo.ServicelayerJob] (sendNewsCronJob) [SendNewsJob] Sending news mails. Note that org.apache.commons.mail.send() can block if behind a firewall/proxy.
INFO   | jvm 1    | main    | 2019/12/31 00:15:12.468 | INFO  [sendNewsCronJob::de.hybris.platform.servicelayer.internal.jalo.ServicelayerJob] (sendNewsCronJob) [SendNewsJob] No news items for today, skipping send of ranking mails
INFO   | jvm 1    | main    | 2019/12/31 00:15:22.382 | INFO  [sendNewsCronJob::de.hybris.platform.servicelayer.internal.jalo.ServicelayerJob] (sendNewsCronJob) [SendNewsJob] Sending news mails. Note that org.apache.commons.mail.send() can block if behind a firewall/proxy.
INFO   | jvm 1    | main    | 2019/12/31 00:15:22.382 | INFO  [sendNewsCronJob::de.hybris.platform.servicelayer.internal.jalo.ServicelayerJob] (sendNewsCronJob) [SendNewsJob] No news items for today, skipping send of ranking mails
INFO   | jvm 1    | main    | 2019/12/31 00:15:32.397 | INFO  [sendNewsCronJob::de.hybris.platform.servicelayer.internal.jalo.ServicelayerJob] (sendNewsCronJob) [SendNewsJob] Sending news mails. Note that org.apache.commons.mail.send() can block if behind a firewall/proxy.
INFO   | jvm 1    | main    | 2019/12/31 00:15:32.397 | INFO  [sendNewsCronJob::de.hybris.platform.servicelayer.internal.jalo.ServicelayerJob] (sendNewsCronJob) [SendNewsJob] No news items for today, skipping send of ranking mails
INFO   | jvm 1    | main    | 2019/12/31 00:15:42.412 | INFO  [sendNewsCronJob::de.hybris.platform.servicelayer.internal.jalo.ServicelayerJob] (sendNewsCronJob) [SendNewsJob] Sending news mails. Note that org.apache.commons.mail.send() can block if behind a firewall/proxy.
INFO   | jvm 1    | main    | 2019/12/31 00:15:42.412 | INFO  [sendNewsCronJob::de.hybris.platform.servicelayer.internal.jalo.ServicelayerJob] (sendNewsCronJob) [SendNewsJob] No news items for today, skipping send of ranking mails
INFO   | jvm 1    | main    | 2019/12/31 00:15:52.536 | INFO  [sendNewsCronJob::de.hybris.platform.servicelayer.internal.jalo.ServicelayerJob] (sendNewsCronJob) [SendNewsJob] Sending news mails. Note that org.apache.commons.mail.send() can block if behind a firewall/proxy.
INFO   | jvm 1    | main    | 2019/12/31 00:15:52.536 | INFO  [sendNewsCronJob::de.hybris.platform.servicelayer.internal.jalo.ServicelayerJob] (sendNewsCronJob) [SendNewsJob] No news items for today, skipping send of ranking mails
INFO   | jvm 1    | main    | 2019/12/31 00:16:02.451 | INFO  [sendNewsCronJob::de.hybris.platform.servicelayer.internal.jalo.ServicelayerJob] (sendNewsCronJob) [SendNewsJob] Sending news mails. Note that org.apache.commons.mail.send() can block if behind a firewall/proxy.
INFO   | jvm 1    | main    | 2019/12/31 00:16:02.451 | INFO  [sendNewsCronJob::de.hybris.platform.servicelayer.internal.jalo.ServicelayerJob] (sendNewsCronJob) [SendNewsJob] No news items for today, skipping send of ranking mails
INFO   | jvm 1    | main    | 2019/12/31 00:16:12.466 | INFO  [sendNewsCronJob::de.hybris.platform.servicelayer.internal.jalo.ServicelayerJob] (sendNewsCronJob) [SendNewsJob] Sending news mails. Note that org.apache.commons.mail.send() can block if behind a firewall/proxy.
INFO   | jvm 1    | main    | 2019/12/31 00:16:12.466 | INFO  [sendNewsCronJob::de.hybris.platform.servicelayer.internal.jalo.ServicelayerJob] (sendNewsCronJob) [SendNewsJob] No news items for today, skipping send of ranking mails
INFO   | jvm 1    | main    | 2019/12/31 00:16:22.481 | INFO  [sendNewsCronJob::de.hybris.platform.servicelayer.internal.jalo.ServicelayerJob] (sendNewsCronJob) [SendNewsJob] Sending news mails. Note that org.apache.commons.mail.send() can block if behind a firewall/proxy.
INFO   | jvm 1    | main    | 2019/12/31 00:16:22.481 | INFO  [sendNewsCronJob::de.hybris.platform.servicelayer.internal.jalo.ServicelayerJob] (sendNewsCronJob) [SendNewsJob] No news items for today, skipping send of ranking mails
INFO   | jvm 1    | main    | 2019/12/31 00:16:32.496 | INFO  [sendNewsCronJob::de.hybris.platform.servicelayer.internal.jalo.ServicelayerJob] (sendNewsCronJob) [SendNewsJob] Sending news mails. Note that org.apache.commons.mail.send() can block if behind a firewall/proxy.
INFO   | jvm 1    | main    | 2019/12/31 00:16:32.496 | INFO  [sendNewsCronJob::de.hybris.platform.servicelayer.internal.jalo.ServicelayerJob] (sendNewsCronJob) [SendNewsJob] No news items for today, skipping send of ranking mails
INFO   | jvm 1    | main    | 2019/12/31 00:16:42.509 | INFO  [sendNewsCronJob::de.hybris.platform.servicelayer.internal.jalo.ServicelayerJob] (sendNewsCronJob) [SendNewsJob] Sending news mails. Note that org.apache.commons.mail.send() can block if behind a firewall/proxy.
INFO   | jvm 1    | main    | 2019/12/31 00:16:42.509 | INFO  [sendNewsCronJob::de.hybris.platform.servicelayer.internal.jalo.ServicelayerJob] (sendNewsCronJob) [SendNewsJob] No news items for today, skipping send of ranking mails
INFO   | jvm 1    | main    | 2019/12/31 00:16:52.424 | INFO  [sendNewsCronJob::de.hybris.platform.servicelayer.internal.jalo.ServicelayerJob] (sendNewsCronJob) [SendNewsJob] Sending news mails. Note that org.apache.commons.mail.send() can block if behind a firewall/proxy.
INFO   | jvm 1    | main    | 2019/12/31 00:16:52.424 | INFO  [sendNewsCronJob::de.hybris.platform.servicelayer.internal.jalo.ServicelayerJob] (sendNewsCronJob) [SendNewsJob] No news items for today, skipping send of ranking mails
INFO   | jvm 1    | main    | 2019/12/31 00:17:02.440 | INFO  [sendNewsCronJob::de.hybris.platform.servicelayer.internal.jalo.ServicelayerJob] (sendNewsCronJob) [SendNewsJob] Sending news mails. Note that org.apache.commons.mail.send() can block if behind a firewall/proxy.
INFO   | jvm 1    | main    | 2019/12/31 00:17:02.440 | INFO  [sendNewsCronJob::de.hybris.platform.servicelayer.internal.jalo.ServicelayerJob] (sendNewsCronJob) [SendNewsJob] No news items for today, skipping send of ranking mails
INFO   | jvm 1    | main    | 2019/12/31 00:17:12.454 | INFO  [sendNewsCronJob::de.hybris.platform.servicelayer.internal.jalo.ServicelayerJob] (sendNewsCronJob) [SendNewsJob] Sending news mails. Note that org.apache.commons.mail.send() can block if behind a firewall/proxy.
INFO   | jvm 1    | main    | 2019/12/31 00:17:12.454 | INFO  [sendNewsCronJob::de.hybris.platform.servicelayer.internal.jalo.ServicelayerJob] (sendNewsCronJob) [SendNewsJob] No news items for today, skipping send of ranking mails
INFO   | jvm 1    | main    | 2019/12/31 00:17:22.469 | INFO  [sendNewsCronJob::de.hybris.platform.servicelayer.internal.jalo.ServicelayerJob] (sendNewsCronJob) [SendNewsJob] Sending news mails. Note that org.apache.commons.mail.send() can block if behind a firewall/proxy.
INFO   | jvm 1    | main    | 2019/12/31 00:17:22.469 | INFO  [sendNewsCronJob::de.hybris.platform.servicelayer.internal.jalo.ServicelayerJob] (sendNewsCronJob) [SendNewsJob] No news items for today, skipping send of ranking mails
INFO   | jvm 1    | main    | 2019/12/31 00:17:32.485 | INFO  [sendNewsCronJob::de.hybris.platform.servicelayer.internal.jalo.ServicelayerJob] (sendNewsCronJob) [SendNewsJob] Sending news mails. Note that org.apache.commons.mail.send() can block if behind a firewall/proxy.
INFO   | jvm 1    | main    | 2019/12/31 00:17:32.486 | INFO  [sendNewsCronJob::de.hybris.platform.servicelayer.internal.jalo.ServicelayerJob] (sendNewsCronJob) [SendNewsJob] No news items for today, skipping send of ranking mails
INFO   | jvm 1    | main    | 2019/12/31 00:17:42.501 | INFO  [sendNewsCronJob::de.hybris.platform.servicelayer.internal.jalo.ServicelayerJob] (sendNewsCronJob) [SendNewsJob] Sending news mails. Note that org.apache.commons.mail.send() can block if behind a firewall/proxy.
INFO   | jvm 1    | main    | 2019/12/31 00:17:42.501 | INFO  [sendNewsCronJob::de.hybris.platform.servicelayer.internal.jalo.ServicelayerJob] (sendNewsCronJob) [SendNewsJob] No news items for today, skipping send of ranking mails
INFO   | jvm 1    | main    | 2019/12/31 00:17:52.517 | INFO  [sendNewsCronJob::de.hybris.platform.servicelayer.internal.jalo.ServicelayerJob] (sendNewsCronJob) [SendNewsJob] Sending news mails. Note that org.apache.commons.mail.send() can block if behind a firewall/proxy.
INFO   | jvm 1    | main    | 2019/12/31 00:17:52.517 | INFO  [sendNewsCronJob::de.hybris.platform.servicelayer.internal.jalo.ServicelayerJob] (sendNewsCronJob) [SendNewsJob] No news items for today, skipping send of ranking mails
INFO   | jvm 1    | main    | 2019/12/31 00:18:02.432 | INFO  [sendNewsCronJob::de.hybris.platform.servicelayer.internal.jalo.ServicelayerJob] (sendNewsCronJob) [SendNewsJob] Sending news mails. Note that org.apache.commons.mail.send() can block if behind a firewall/proxy.
INFO   | jvm 1    | main    | 2019/12/31 00:18:02.432 | INFO  [sendNewsCronJob::de.hybris.platform.servicelayer.internal.jalo.ServicelayerJob] (sendNewsCronJob) [SendNewsJob] No news items for today, skipping send of ranking mails
INFO   | jvm 1    | main    | 2019/12/31 00:18:12.447 | INFO  [sendNewsCronJob::de.hybris.platform.servicelayer.internal.jalo.ServicelayerJob] (sendNewsCronJob) [SendNewsJob] Sending news mails. Note that org.apache.commons.mail.send() can block if behind a firewall/proxy.
INFO   | jvm 1    | main    | 2019/12/31 00:18:12.447 | INFO  [sendNewsCronJob::de.hybris.platform.servicelayer.internal.jalo.ServicelayerJob] (sendNewsCronJob) [SendNewsJob] No news items for today, skipping send of ranking mails
INFO   | jvm 1    | main    | 2019/12/31 00:18:22.564 | INFO  [sendNewsCronJob::de.hybris.platform.servicelayer.internal.jalo.ServicelayerJob] (sendNewsCronJob) [SendNewsJob] Sending news mails. Note that org.apache.commons.mail.send() can block if behind a firewall/proxy.
INFO   | jvm 1    | main    | 2019/12/31 00:18:22.564 | INFO  [sendNewsCronJob::de.hybris.platform.servicelayer.internal.jalo.ServicelayerJob] (sendNewsCronJob) [SendNewsJob] No news items for today, skipping send of ranking mails
INFO   | jvm 1    | main    | 2019/12/31 00:18:32.486 | INFO  [sendNewsCronJob::de.hybris.platform.servicelayer.internal.jalo.ServicelayerJob] (sendNewsCronJob) [SendNewsJob] Sending news mails. Note that org.apache.commons.mail.send() can block if behind a firewall/proxy.
INFO   | jvm 1    | main    | 2019/12/31 00:18:32.486 | INFO  [sendNewsCronJob::de.hybris.platform.servicelayer.internal.jalo.ServicelayerJob] (sendNewsCronJob) [SendNewsJob] No news items for today, skipping send of ranking mails
INFO   | jvm 1    | main    | 2019/12/31 00:18:42.501 | INFO  [sendNewsCronJob::de.hybris.platform.servicelayer.internal.jalo.ServicelayerJob] (sendNewsCronJob) [SendNewsJob] Sending news mails. Note that org.apache.commons.mail.send() can block if behind a firewall/proxy.
INFO   | jvm 1    | main    | 2019/12/31 00:18:42.502 | INFO  [sendNewsCronJob::de.hybris.platform.servicelayer.internal.jalo.ServicelayerJob] (sendNewsCronJob) [SendNewsJob] No news items for today, skipping send of ranking mails
INFO   | jvm 1    | main    | 2019/12/31 00:18:52.516 | INFO  [sendNewsCronJob::de.hybris.platform.servicelayer.internal.jalo.ServicelayerJob] (sendNewsCronJob) [SendNewsJob] Sending news mails. Note that org.apache.commons.mail.send() can block if behind a firewall/proxy.
INFO   | jvm 1    | main    | 2019/12/31 00:18:52.516 | INFO  [sendNewsCronJob::de.hybris.platform.servicelayer.internal.jalo.ServicelayerJob] (sendNewsCronJob) [SendNewsJob] No news items for today, skipping send of ranking mails
INFO   | jvm 1    | main    | 2019/12/31 00:19:02.531 | INFO  [sendNewsCronJob::de.hybris.platform.servicelayer.internal.jalo.ServicelayerJob] (sendNewsCronJob) [SendNewsJob] Sending news mails. Note that org.apache.commons.mail.send() can block if behind a firewall/proxy.
INFO   | jvm 1    | main    | 2019/12/31 00:19:02.531 | INFO  [sendNewsCronJob::de.hybris.platform.servicelayer.internal.jalo.ServicelayerJob] (sendNewsCronJob) [SendNewsJob] No news items for today, skipping send of ranking mails
INFO   | jvm 1    | main    | 2019/12/31 00:19:12.547 | INFO  [sendNewsCronJob::de.hybris.platform.servicelayer.internal.jalo.ServicelayerJob] (sendNewsCronJob) [SendNewsJob] Sending news mails. Note that org.apache.commons.mail.send() can block if behind a firewall/proxy.
INFO   | jvm 1    | main    | 2019/12/31 00:19:12.547 | INFO  [sendNewsCronJob::de.hybris.platform.servicelayer.internal.jalo.ServicelayerJob] (sendNewsCronJob) [SendNewsJob] No news items for today, skipping send of ranking mails
INFO   | jvm 1    | main    | 2019/12/31 00:19:22.562 | INFO  [sendNewsCronJob::de.hybris.platform.servicelayer.internal.jalo.ServicelayerJob] (sendNewsCronJob) [SendNewsJob] Sending news mails. Note that org.apache.commons.mail.send() can block if behind a firewall/proxy.
INFO   | jvm 1    | main    | 2019/12/31 00:19:22.562 | INFO  [sendNewsCronJob::de.hybris.platform.servicelayer.internal.jalo.ServicelayerJob] (sendNewsCronJob) [SendNewsJob] No news items for today, skipping send of ranking mails
INFO   | jvm 1    | main    | 2019/12/31 00:19:32.577 | INFO  [sendNewsCronJob::de.hybris.platform.servicelayer.internal.jalo.ServicelayerJob] (sendNewsCronJob) [SendNewsJob] Sending news mails. Note that org.apache.commons.mail.send() can block if behind a firewall/proxy.
INFO   | jvm 1    | main    | 2019/12/31 00:19:32.577 | INFO  [sendNewsCronJob::de.hybris.platform.servicelayer.internal.jalo.ServicelayerJob] (sendNewsCronJob) [SendNewsJob] No news items for today, skipping send of ranking mails
INFO   | jvm 1    | main    | 2019/12/31 00:19:42.492 | INFO  [sendNewsCronJob::de.hybris.platform.servicelayer.internal.jalo.ServicelayerJob] (sendNewsCronJob) [SendNewsJob] Sending news mails. Note that org.apache.commons.mail.send() can block if behind a firewall/proxy.
INFO   | jvm 1    | main    | 2019/12/31 00:19:42.492 | INFO  [sendNewsCronJob::de.hybris.platform.servicelayer.internal.jalo.ServicelayerJob] (sendNewsCronJob) [SendNewsJob] No news items for today, skipping send of ranking mails
INFO   | jvm 1    | main    | 2019/12/31 00:19:52.608 | INFO  [sendNewsCronJob::de.hybris.platform.servicelayer.internal.jalo.ServicelayerJob] (sendNewsCronJob) [SendNewsJob] Sending news mails. Note that org.apache.commons.mail.send() can block if behind a firewall/proxy.
INFO   | jvm 1    | main    | 2019/12/31 00:19:52.608 | INFO  [sendNewsCronJob::de.hybris.platform.servicelayer.internal.jalo.ServicelayerJob] (sendNewsCronJob) [SendNewsJob] No news items for today, skipping send of ranking mails
INFO   | jvm 1    | main    | 2019/12/31 00:20:02.523 | INFO  [sendNewsCronJob::de.hybris.platform.servicelayer.internal.jalo.ServicelayerJob] (sendNewsCronJob) [SendNewsJob] Sending news mails. Note that org.apache.commons.mail.send() can block if behind a firewall/proxy.
INFO   | jvm 1    | main    | 2019/12/31 00:20:02.523 | INFO  [sendNewsCronJob::de.hybris.platform.servicelayer.internal.jalo.ServicelayerJob] (sendNewsCronJob) [SendNewsJob] No news items for today, skipping send of ranking mails
INFO   | jvm 1    | main    | 2019/12/31 00:20:12.538 | INFO  [sendNewsCronJob::de.hybris.platform.servicelayer.internal.jalo.ServicelayerJob] (sendNewsCronJob) [SendNewsJob] Sending news mails. Note that org.apache.commons.mail.send() can block if behind a firewall/proxy.
INFO   | jvm 1    | main    | 2019/12/31 00:20:12.538 | INFO  [sendNewsCronJob::de.hybris.platform.servicelayer.internal.jalo.ServicelayerJob] (sendNewsCronJob) [SendNewsJob] No news items for today, skipping send of ranking mails
INFO   | jvm 1    | main    | 2019/12/31 00:20:22.552 | INFO  [sendNewsCronJob::de.hybris.platform.servicelayer.internal.jalo.ServicelayerJob] (sendNewsCronJob) [SendNewsJob] Sending news mails. Note that org.apache.commons.mail.send() can block if behind a firewall/proxy.
INFO   | jvm 1    | main    | 2019/12/31 00:20:22.552 | INFO  [sendNewsCronJob::de.hybris.platform.servicelayer.internal.jalo.ServicelayerJob] (sendNewsCronJob) [SendNewsJob] No news items for today, skipping send of ranking mails
INFO   | jvm 1    | main    | 2019/12/31 00:20:32.565 | INFO  [sendNewsCronJob::de.hybris.platform.servicelayer.internal.jalo.ServicelayerJob] (sendNewsCronJob) [SendNewsJob] Sending news mails. Note that org.apache.commons.mail.send() can block if behind a firewall/proxy.
INFO   | jvm 1    | main    | 2019/12/31 00:20:32.565 | INFO  [sendNewsCronJob::de.hybris.platform.servicelayer.internal.jalo.ServicelayerJob] (sendNewsCronJob) [SendNewsJob] No news items for today, skipping send of ranking mails
INFO   | jvm 1    | main    | 2019/12/31 00:20:42.579 | INFO  [sendNewsCronJob::de.hybris.platform.servicelayer.internal.jalo.ServicelayerJob] (sendNewsCronJob) [SendNewsJob] Sending news mails. Note that org.apache.commons.mail.send() can block if behind a firewall/proxy.
INFO   | jvm 1    | main    | 2019/12/31 00:20:42.579 | INFO  [sendNewsCronJob::de.hybris.platform.servicelayer.internal.jalo.ServicelayerJob] (sendNewsCronJob) [SendNewsJob] No news items for today, skipping send of ranking mails
INFO   | jvm 1    | main    | 2019/12/31 00:20:52.593 | INFO  [sendNewsCronJob::de.hybris.platform.servicelayer.internal.jalo.ServicelayerJob] (sendNewsCronJob) [SendNewsJob] Sending news mails. Note that org.apache.commons.mail.send() can block if behind a firewall/proxy.
INFO   | jvm 1    | main    | 2019/12/31 00:20:52.594 | INFO  [sendNewsCronJob::de.hybris.platform.servicelayer.internal.jalo.ServicelayerJob] (sendNewsCronJob) [SendNewsJob] No news items for today, skipping send of ranking mails
INFO   | jvm 1    | main    | 2019/12/31 00:21:02.607 | INFO  [sendNewsCronJob::de.hybris.platform.servicelayer.internal.jalo.ServicelayerJob] (sendNewsCronJob) [SendNewsJob] Sending news mails. Note that org.apache.commons.mail.send() can block if behind a firewall/proxy.
INFO   | jvm 1    | main    | 2019/12/31 00:21:02.607 | INFO  [sendNewsCronJob::de.hybris.platform.servicelayer.internal.jalo.ServicelayerJob] (sendNewsCronJob) [SendNewsJob] No news items for today, skipping send of ranking mails
INFO   | jvm 1    | main    | 2019/12/31 00:21:12.623 | INFO  [sendNewsCronJob::de.hybris.platform.servicelayer.internal.jalo.ServicelayerJob] (sendNewsCronJob) [SendNewsJob] Sending news mails. Note that org.apache.commons.mail.send() can block if behind a firewall/proxy.
INFO   | jvm 1    | main    | 2019/12/31 00:21:12.623 | INFO  [sendNewsCronJob::de.hybris.platform.servicelayer.internal.jalo.ServicelayerJob] (sendNewsCronJob) [SendNewsJob] No news items for today, skipping send of ranking mails
INFO   | jvm 1    | main    | 2019/12/31 00:21:22.638 | INFO  [sendNewsCronJob::de.hybris.platform.servicelayer.internal.jalo.ServicelayerJob] (sendNewsCronJob) [SendNewsJob] Sending news mails. Note that org.apache.commons.mail.send() can block if behind a firewall/proxy.
INFO   | jvm 1    | main    | 2019/12/31 00:21:22.638 | INFO  [sendNewsCronJob::de.hybris.platform.servicelayer.internal.jalo.ServicelayerJob] (sendNewsCronJob) [SendNewsJob] No news items for today, skipping send of ranking mails
INFO   | jvm 1    | main    | 2019/12/31 00:21:32.552 | INFO  [sendNewsCronJob::de.hybris.platform.servicelayer.internal.jalo.ServicelayerJob] (sendNewsCronJob) [SendNewsJob] Sending news mails. Note that org.apache.commons.mail.send() can block if behind a firewall/proxy.
INFO   | jvm 1    | main    | 2019/12/31 00:21:32.553 | INFO  [sendNewsCronJob::de.hybris.platform.servicelayer.internal.jalo.ServicelayerJob] (sendNewsCronJob) [SendNewsJob] No news items for today, skipping send of ranking mails
INFO   | jvm 1    | main    | 2019/12/31 00:21:42.672 | INFO  [sendNewsCronJob::de.hybris.platform.servicelayer.internal.jalo.ServicelayerJob] (sendNewsCronJob) [SendNewsJob] Sending news mails. Note that org.apache.commons.mail.send() can block if behind a firewall/proxy.
INFO   | jvm 1    | main    | 2019/12/31 00:21:42.672 | INFO  [sendNewsCronJob::de.hybris.platform.servicelayer.internal.jalo.ServicelayerJob] (sendNewsCronJob) [SendNewsJob] No news items for today, skipping send of ranking mails
INFO   | jvm 1    | main    | 2019/12/31 00:21:52.587 | INFO  [sendNewsCronJob::de.hybris.platform.servicelayer.internal.jalo.ServicelayerJob] (sendNewsCronJob) [SendNewsJob] Sending news mails. Note that org.apache.commons.mail.send() can block if behind a firewall/proxy.
INFO   | jvm 1    | main    | 2019/12/31 00:21:52.587 | INFO  [sendNewsCronJob::de.hybris.platform.servicelayer.internal.jalo.ServicelayerJob] (sendNewsCronJob) [SendNewsJob] No news items for today, skipping send of ranking mails
INFO   | jvm 1    | main    | 2019/12/31 00:22:02.602 | INFO  [sendNewsCronJob::de.hybris.platform.servicelayer.internal.jalo.ServicelayerJob] (sendNewsCronJob) [SendNewsJob] Sending news mails. Note that org.apache.commons.mail.send() can block if behind a firewall/proxy.
INFO   | jvm 1    | main    | 2019/12/31 00:22:02.602 | INFO  [sendNewsCronJob::de.hybris.platform.servicelayer.internal.jalo.ServicelayerJob] (sendNewsCronJob) [SendNewsJob] No news items for today, skipping send of ranking mails
INFO   | jvm 1    | main    | 2019/12/31 00:22:12.617 | INFO  [sendNewsCronJob::de.hybris.platform.servicelayer.internal.jalo.ServicelayerJob] (sendNewsCronJob) [SendNewsJob] Sending news mails. Note that org.apache.commons.mail.send() can block if behind a firewall/proxy.
INFO   | jvm 1    | main    | 2019/12/31 00:22:12.618 | INFO  [sendNewsCronJob::de.hybris.platform.servicelayer.internal.jalo.ServicelayerJob] (sendNewsCronJob) [SendNewsJob] No news items for today, skipping send of ranking mails
INFO   | jvm 1    | main    | 2019/12/31 00:22:22.633 | INFO  [sendNewsCronJob::de.hybris.platform.servicelayer.internal.jalo.ServicelayerJob] (sendNewsCronJob) [SendNewsJob] Sending news mails. Note that org.apache.commons.mail.send() can block if behind a firewall/proxy.
INFO   | jvm 1    | main    | 2019/12/31 00:22:22.633 | INFO  [sendNewsCronJob::de.hybris.platform.servicelayer.internal.jalo.ServicelayerJob] (sendNewsCronJob) [SendNewsJob] No news items for today, skipping send of ranking mails
INFO   | jvm 1    | main    | 2019/12/31 00:22:32.648 | INFO  [sendNewsCronJob::de.hybris.platform.servicelayer.internal.jalo.ServicelayerJob] (sendNewsCronJob) [SendNewsJob] Sending news mails. Note that org.apache.commons.mail.send() can block if behind a firewall/proxy.
INFO   | jvm 1    | main    | 2019/12/31 00:22:32.648 | INFO  [sendNewsCronJob::de.hybris.platform.servicelayer.internal.jalo.ServicelayerJob] (sendNewsCronJob) [SendNewsJob] No news items for today, skipping send of ranking mails
INFO   | jvm 1    | main    | 2019/12/31 00:22:42.663 | INFO  [sendNewsCronJob::de.hybris.platform.servicelayer.internal.jalo.ServicelayerJob] (sendNewsCronJob) [SendNewsJob] Sending news mails. Note that org.apache.commons.mail.send() can block if behind a firewall/proxy.
INFO   | jvm 1    | main    | 2019/12/31 00:22:42.663 | INFO  [sendNewsCronJob::de.hybris.platform.servicelayer.internal.jalo.ServicelayerJob] (sendNewsCronJob) [SendNewsJob] No news items for today, skipping send of ranking mails
INFO   | jvm 1    | main    | 2019/12/31 00:22:52.676 | INFO  [sendNewsCronJob::de.hybris.platform.servicelayer.internal.jalo.ServicelayerJob] (sendNewsCronJob) [SendNewsJob] Sending news mails. Note that org.apache.commons.mail.send() can block if behind a firewall/proxy.
INFO   | jvm 1    | main    | 2019/12/31 00:22:52.676 | INFO  [sendNewsCronJob::de.hybris.platform.servicelayer.internal.jalo.ServicelayerJob] (sendNewsCronJob) [SendNewsJob] No news items for today, skipping send of ranking mails
INFO   | jvm 1    | main    | 2019/12/31 00:23:02.591 | INFO  [sendNewsCronJob::de.hybris.platform.servicelayer.internal.jalo.ServicelayerJob] (sendNewsCronJob) [SendNewsJob] Sending news mails. Note that org.apache.commons.mail.send() can block if behind a firewall/proxy.
INFO   | jvm 1    | main    | 2019/12/31 00:23:02.591 | INFO  [sendNewsCronJob::de.hybris.platform.servicelayer.internal.jalo.ServicelayerJob] (sendNewsCronJob) [SendNewsJob] No news items for today, skipping send of ranking mails
INFO   | jvm 1    | main    | 2019/12/31 00:23:12.606 | INFO  [sendNewsCronJob::de.hybris.platform.servicelayer.internal.jalo.ServicelayerJob] (sendNewsCronJob) [SendNewsJob] Sending news mails. Note that org.apache.commons.mail.send() can block if behind a firewall/proxy.
INFO   | jvm 1    | main    | 2019/12/31 00:23:12.606 | INFO  [sendNewsCronJob::de.hybris.platform.servicelayer.internal.jalo.ServicelayerJob] (sendNewsCronJob) [SendNewsJob] No news items for today, skipping send of ranking mails
INFO   | jvm 1    | main    | 2019/12/31 00:23:22.621 | INFO  [sendNewsCronJob::de.hybris.platform.servicelayer.internal.jalo.ServicelayerJob] (sendNewsCronJob) [SendNewsJob] Sending news mails. Note that org.apache.commons.mail.send() can block if behind a firewall/proxy.
INFO   | jvm 1    | main    | 2019/12/31 00:23:22.621 | INFO  [sendNewsCronJob::de.hybris.platform.servicelayer.internal.jalo.ServicelayerJob] (sendNewsCronJob) [SendNewsJob] No news items for today, skipping send of ranking mails
INFO   | jvm 1    | main    | 2019/12/31 00:23:32.636 | INFO  [sendNewsCronJob::de.hybris.platform.servicelayer.internal.jalo.ServicelayerJob] (sendNewsCronJob) [SendNewsJob] Sending news mails. Note that org.apache.commons.mail.send() can block if behind a firewall/proxy.
INFO   | jvm 1    | main    | 2019/12/31 00:23:32.636 | INFO  [sendNewsCronJob::de.hybris.platform.servicelayer.internal.jalo.ServicelayerJob] (sendNewsCronJob) [SendNewsJob] No news items for today, skipping send of ranking mails
INFO   | jvm 1    | main    | 2019/12/31 00:23:42.651 | INFO  [sendNewsCronJob::de.hybris.platform.servicelayer.internal.jalo.ServicelayerJob] (sendNewsCronJob) [SendNewsJob] Sending news mails. Note that org.apache.commons.mail.send() can block if behind a firewall/proxy.
INFO   | jvm 1    | main    | 2019/12/31 00:23:42.651 | INFO  [sendNewsCronJob::de.hybris.platform.servicelayer.internal.jalo.ServicelayerJob] (sendNewsCronJob) [SendNewsJob] No news items for today, skipping send of ranking mails
INFO   | jvm 1    | main    | 2019/12/31 00:23:52.666 | INFO  [sendNewsCronJob::de.hybris.platform.servicelayer.internal.jalo.ServicelayerJob] (sendNewsCronJob) [SendNewsJob] Sending news mails. Note that org.apache.commons.mail.send() can block if behind a firewall/proxy.
INFO   | jvm 1    | main    | 2019/12/31 00:23:52.666 | INFO  [sendNewsCronJob::de.hybris.platform.servicelayer.internal.jalo.ServicelayerJob] (sendNewsCronJob) [SendNewsJob] No news items for today, skipping send of ranking mails
INFO   | jvm 1    | main    | 2019/12/31 00:24:02.682 | INFO  [sendNewsCronJob::de.hybris.platform.servicelayer.internal.jalo.ServicelayerJob] (sendNewsCronJob) [SendNewsJob] Sending news mails. Note that org.apache.commons.mail.send() can block if behind a firewall/proxy.
INFO   | jvm 1    | main    | 2019/12/31 00:24:02.682 | INFO  [sendNewsCronJob::de.hybris.platform.servicelayer.internal.jalo.ServicelayerJob] (sendNewsCronJob) [SendNewsJob] No news items for today, skipping send of ranking mails
INFO   | jvm 1    | main    | 2019/12/31 00:24:12.697 | INFO  [sendNewsCronJob::de.hybris.platform.servicelayer.internal.jalo.ServicelayerJob] (sendNewsCronJob) [SendNewsJob] Sending news mails. Note that org.apache.commons.mail.send() can block if behind a firewall/proxy.
INFO   | jvm 1    | main    | 2019/12/31 00:24:12.698 | INFO  [sendNewsCronJob::de.hybris.platform.servicelayer.internal.jalo.ServicelayerJob] (sendNewsCronJob) [SendNewsJob] No news items for today, skipping send of ranking mails
INFO   | jvm 1    | main    | 2019/12/31 00:24:22.716 | INFO  [sendNewsCronJob::de.hybris.platform.servicelayer.internal.jalo.ServicelayerJob] (sendNewsCronJob) [SendNewsJob] Sending news mails. Note that org.apache.commons.mail.send() can block if behind a firewall/proxy.
INFO   | jvm 1    | main    | 2019/12/31 00:24:22.716 | INFO  [sendNewsCronJob::de.hybris.platform.servicelayer.internal.jalo.ServicelayerJob] (sendNewsCronJob) [SendNewsJob] No news items for today, skipping send of ranking mails
INFO   | jvm 1    | main    | 2019/12/31 00:24:32.630 | INFO  [sendNewsCronJob::de.hybris.platform.servicelayer.internal.jalo.ServicelayerJob] (sendNewsCronJob) [SendNewsJob] Sending news mails. Note that org.apache.commons.mail.send() can block if behind a firewall/proxy.
INFO   | jvm 1    | main    | 2019/12/31 00:24:32.630 | INFO  [sendNewsCronJob::de.hybris.platform.servicelayer.internal.jalo.ServicelayerJob] (sendNewsCronJob) [SendNewsJob] No news items for today, skipping send of ranking mails
INFO   | jvm 1    | main    | 2019/12/31 00:24:42.645 | INFO  [sendNewsCronJob::de.hybris.platform.servicelayer.internal.jalo.ServicelayerJob] (sendNewsCronJob) [SendNewsJob] Sending news mails. Note that org.apache.commons.mail.send() can block if behind a firewall/proxy.
INFO   | jvm 1    | main    | 2019/12/31 00:24:42.645 | INFO  [sendNewsCronJob::de.hybris.platform.servicelayer.internal.jalo.ServicelayerJob] (sendNewsCronJob) [SendNewsJob] No news items for today, skipping send of ranking mails
INFO   | jvm 1    | main    | 2019/12/31 00:24:52.660 | INFO  [sendNewsCronJob::de.hybris.platform.servicelayer.internal.jalo.ServicelayerJob] (sendNewsCronJob) [SendNewsJob] Sending news mails. Note that org.apache.commons.mail.send() can block if behind a firewall/proxy.
INFO   | jvm 1    | main    | 2019/12/31 00:24:52.660 | INFO  [sendNewsCronJob::de.hybris.platform.servicelayer.internal.jalo.ServicelayerJob] (sendNewsCronJob) [SendNewsJob] No news items for today, skipping send of ranking mails
INFO   | jvm 1    | main    | 2019/12/31 00:25:02.674 | INFO  [sendNewsCronJob::de.hybris.platform.servicelayer.internal.jalo.ServicelayerJob] (sendNewsCronJob) [SendNewsJob] Sending news mails. Note that org.apache.commons.mail.send() can block if behind a firewall/proxy.
INFO   | jvm 1    | main    | 2019/12/31 00:25:02.674 | INFO  [sendNewsCronJob::de.hybris.platform.servicelayer.internal.jalo.ServicelayerJob] (sendNewsCronJob) [SendNewsJob] No news items for today, skipping send of ranking mails
INFO   | jvm 1    | main    | 2019/12/31 00:25:12.689 | INFO  [sendNewsCronJob::de.hybris.platform.servicelayer.internal.jalo.ServicelayerJob] (sendNewsCronJob) [SendNewsJob] Sending news mails. Note that org.apache.commons.mail.send() can block if behind a firewall/proxy.
INFO   | jvm 1    | main    | 2019/12/31 00:25:12.689 | INFO  [sendNewsCronJob::de.hybris.platform.servicelayer.internal.jalo.ServicelayerJob] (sendNewsCronJob) [SendNewsJob] No news items for today, skipping send of ranking mails
INFO   | jvm 1    | main    | 2019/12/31 00:25:22.703 | INFO  [sendNewsCronJob::de.hybris.platform.servicelayer.internal.jalo.ServicelayerJob] (sendNewsCronJob) [SendNewsJob] Sending news mails. Note that org.apache.commons.mail.send() can block if behind a firewall/proxy.
INFO   | jvm 1    | main    | 2019/12/31 00:25:22.703 | INFO  [sendNewsCronJob::de.hybris.platform.servicelayer.internal.jalo.ServicelayerJob] (sendNewsCronJob) [SendNewsJob] No news items for today, skipping send of ranking mails
INFO   | jvm 1    | main    | 2019/12/31 00:25:32.719 | INFO  [sendNewsCronJob::de.hybris.platform.servicelayer.internal.jalo.ServicelayerJob] (sendNewsCronJob) [SendNewsJob] Sending news mails. Note that org.apache.commons.mail.send() can block if behind a firewall/proxy.
INFO   | jvm 1    | main    | 2019/12/31 00:25:32.719 | INFO  [sendNewsCronJob::de.hybris.platform.servicelayer.internal.jalo.ServicelayerJob] (sendNewsCronJob) [SendNewsJob] No news items for today, skipping send of ranking mails
INFO   | jvm 1    | main    | 2019/12/31 00:25:42.734 | INFO  [sendNewsCronJob::de.hybris.platform.servicelayer.internal.jalo.ServicelayerJob] (sendNewsCronJob) [SendNewsJob] Sending news mails. Note that org.apache.commons.mail.send() can block if behind a firewall/proxy.
INFO   | jvm 1    | main    | 2019/12/31 00:25:42.734 | INFO  [sendNewsCronJob::de.hybris.platform.servicelayer.internal.jalo.ServicelayerJob] (sendNewsCronJob) [SendNewsJob] No news items for today, skipping send of ranking mails
INFO   | jvm 1    | main    | 2019/12/31 00:25:52.749 | INFO  [sendNewsCronJob::de.hybris.platform.servicelayer.internal.jalo.ServicelayerJob] (sendNewsCronJob) [SendNewsJob] Sending news mails. Note that org.apache.commons.mail.send() can block if behind a firewall/proxy.
INFO   | jvm 1    | main    | 2019/12/31 00:25:52.749 | INFO  [sendNewsCronJob::de.hybris.platform.servicelayer.internal.jalo.ServicelayerJob] (sendNewsCronJob) [SendNewsJob] No news items for today, skipping send of ranking mails
INFO   | jvm 1    | main    | 2019/12/31 00:26:02.664 | INFO  [sendNewsCronJob::de.hybris.platform.servicelayer.internal.jalo.ServicelayerJob] (sendNewsCronJob) [SendNewsJob] Sending news mails. Note that org.apache.commons.mail.send() can block if behind a firewall/proxy.
INFO   | jvm 1    | main    | 2019/12/31 00:26:02.664 | INFO  [sendNewsCronJob::de.hybris.platform.servicelayer.internal.jalo.ServicelayerJob] (sendNewsCronJob) [SendNewsJob] No news items for today, skipping send of ranking mails
INFO   | jvm 1    | main    | 2019/12/31 00:26:12.680 | INFO  [sendNewsCronJob::de.hybris.platform.servicelayer.internal.jalo.ServicelayerJob] (sendNewsCronJob) [SendNewsJob] Sending news mails. Note that org.apache.commons.mail.send() can block if behind a firewall/proxy.
INFO   | jvm 1    | main    | 2019/12/31 00:26:12.681 | INFO  [sendNewsCronJob::de.hybris.platform.servicelayer.internal.jalo.ServicelayerJob] (sendNewsCronJob) [SendNewsJob] No news items for today, skipping send of ranking mails
INFO   | jvm 1    | main    | 2019/12/31 00:26:22.698 | INFO  [sendNewsCronJob::de.hybris.platform.servicelayer.internal.jalo.ServicelayerJob] (sendNewsCronJob) [SendNewsJob] Sending news mails. Note that org.apache.commons.mail.send() can block if behind a firewall/proxy.
INFO   | jvm 1    | main    | 2019/12/31 00:26:22.698 | INFO  [sendNewsCronJob::de.hybris.platform.servicelayer.internal.jalo.ServicelayerJob] (sendNewsCronJob) [SendNewsJob] No news items for today, skipping send of ranking mails
INFO   | jvm 1    | main    | 2019/12/31 00:26:32.713 | INFO  [sendNewsCronJob::de.hybris.platform.servicelayer.internal.jalo.ServicelayerJob] (sendNewsCronJob) [SendNewsJob] Sending news mails. Note that org.apache.commons.mail.send() can block if behind a firewall/proxy.
INFO   | jvm 1    | main    | 2019/12/31 00:26:32.713 | INFO  [sendNewsCronJob::de.hybris.platform.servicelayer.internal.jalo.ServicelayerJob] (sendNewsCronJob) [SendNewsJob] No news items for today, skipping send of ranking mails
INFO   | jvm 1    | main    | 2019/12/31 00:26:42.729 | INFO  [sendNewsCronJob::de.hybris.platform.servicelayer.internal.jalo.ServicelayerJob] (sendNewsCronJob) [SendNewsJob] Sending news mails. Note that org.apache.commons.mail.send() can block if behind a firewall/proxy.
INFO   | jvm 1    | main    | 2019/12/31 00:26:42.729 | INFO  [sendNewsCronJob::de.hybris.platform.servicelayer.internal.jalo.ServicelayerJob] (sendNewsCronJob) [SendNewsJob] No news items for today, skipping send of ranking mails
INFO   | jvm 1    | main    | 2019/12/31 00:26:52.743 | INFO  [sendNewsCronJob::de.hybris.platform.servicelayer.internal.jalo.ServicelayerJob] (sendNewsCronJob) [SendNewsJob] Sending news mails. Note that org.apache.commons.mail.send() can block if behind a firewall/proxy.
INFO   | jvm 1    | main    | 2019/12/31 00:26:52.743 | INFO  [sendNewsCronJob::de.hybris.platform.servicelayer.internal.jalo.ServicelayerJob] (sendNewsCronJob) [SendNewsJob] No news items for today, skipping send of ranking mails
INFO   | jvm 1    | main    | 2019/12/31 00:27:02.758 | INFO  [sendNewsCronJob::de.hybris.platform.servicelayer.internal.jalo.ServicelayerJob] (sendNewsCronJob) [SendNewsJob] Sending news mails. Note that org.apache.commons.mail.send() can block if behind a firewall/proxy.
INFO   | jvm 1    | main    | 2019/12/31 00:27:02.758 | INFO  [sendNewsCronJob::de.hybris.platform.servicelayer.internal.jalo.ServicelayerJob] (sendNewsCronJob) [SendNewsJob] No news items for today, skipping send of ranking mails
INFO   | jvm 1    | main    | 2019/12/31 00:27:12.774 | INFO  [sendNewsCronJob::de.hybris.platform.servicelayer.internal.jalo.ServicelayerJob] (sendNewsCronJob) [SendNewsJob] Sending news mails. Note that org.apache.commons.mail.send() can block if behind a firewall/proxy.
INFO   | jvm 1    | main    | 2019/12/31 00:27:12.774 | INFO  [sendNewsCronJob::de.hybris.platform.servicelayer.internal.jalo.ServicelayerJob] (sendNewsCronJob) [SendNewsJob] No news items for today, skipping send of ranking mails
INFO   | jvm 1    | main    | 2019/12/31 00:27:22.790 | INFO  [sendNewsCronJob::de.hybris.platform.servicelayer.internal.jalo.ServicelayerJob] (sendNewsCronJob) [SendNewsJob] Sending news mails. Note that org.apache.commons.mail.send() can block if behind a firewall/proxy.
INFO   | jvm 1    | main    | 2019/12/31 00:27:22.791 | INFO  [sendNewsCronJob::de.hybris.platform.servicelayer.internal.jalo.ServicelayerJob] (sendNewsCronJob) [SendNewsJob] No news items for today, skipping send of ranking mails
INFO   | jvm 1    | main    | 2019/12/31 00:27:32.807 | INFO  [sendNewsCronJob::de.hybris.platform.servicelayer.internal.jalo.ServicelayerJob] (sendNewsCronJob) [SendNewsJob] Sending news mails. Note that org.apache.commons.mail.send() can block if behind a firewall/proxy.
INFO   | jvm 1    | main    | 2019/12/31 00:27:32.807 | INFO  [sendNewsCronJob::de.hybris.platform.servicelayer.internal.jalo.ServicelayerJob] (sendNewsCronJob) [SendNewsJob] No news items for today, skipping send of ranking mails
INFO   | jvm 1    | main    | 2019/12/31 00:27:42.822 | INFO  [sendNewsCronJob::de.hybris.platform.servicelayer.internal.jalo.ServicelayerJob] (sendNewsCronJob) [SendNewsJob] Sending news mails. Note that org.apache.commons.mail.send() can block if behind a firewall/proxy.
INFO   | jvm 1    | main    | 2019/12/31 00:27:42.822 | INFO  [sendNewsCronJob::de.hybris.platform.servicelayer.internal.jalo.ServicelayerJob] (sendNewsCronJob) [SendNewsJob] No news items for today, skipping send of ranking mails
INFO   | jvm 1    | main    | 2019/12/31 00:27:52.737 | INFO  [sendNewsCronJob::de.hybris.platform.servicelayer.internal.jalo.ServicelayerJob] (sendNewsCronJob) [SendNewsJob] Sending news mails. Note that org.apache.commons.mail.send() can block if behind a firewall/proxy.
INFO   | jvm 1    | main    | 2019/12/31 00:27:52.737 | INFO  [sendNewsCronJob::de.hybris.platform.servicelayer.internal.jalo.ServicelayerJob] (sendNewsCronJob) [SendNewsJob] No news items for today, skipping send of ranking mails
INFO   | jvm 1    | main    | 2019/12/31 00:28:02.753 | INFO  [sendNewsCronJob::de.hybris.platform.servicelayer.internal.jalo.ServicelayerJob] (sendNewsCronJob) [SendNewsJob] Sending news mails. Note that org.apache.commons.mail.send() can block if behind a firewall/proxy.
INFO   | jvm 1    | main    | 2019/12/31 00:28:02.753 | INFO  [sendNewsCronJob::de.hybris.platform.servicelayer.internal.jalo.ServicelayerJob] (sendNewsCronJob) [SendNewsJob] No news items for today, skipping send of ranking mails
INFO   | jvm 1    | main    | 2019/12/31 00:28:12.768 | INFO  [sendNewsCronJob::de.hybris.platform.servicelayer.internal.jalo.ServicelayerJob] (sendNewsCronJob) [SendNewsJob] Sending news mails. Note that org.apache.commons.mail.send() can block if behind a firewall/proxy.
INFO   | jvm 1    | main    | 2019/12/31 00:28:12.768 | INFO  [sendNewsCronJob::de.hybris.platform.servicelayer.internal.jalo.ServicelayerJob] (sendNewsCronJob) [SendNewsJob] No news items for today, skipping send of ranking mails
INFO   | jvm 1    | main    | 2019/12/31 00:28:22.784 | INFO  [sendNewsCronJob::de.hybris.platform.servicelayer.internal.jalo.ServicelayerJob] (sendNewsCronJob) [SendNewsJob] Sending news mails. Note that org.apache.commons.mail.send() can block if behind a firewall/proxy.
INFO   | jvm 1    | main    | 2019/12/31 00:28:22.784 | INFO  [sendNewsCronJob::de.hybris.platform.servicelayer.internal.jalo.ServicelayerJob] (sendNewsCronJob) [SendNewsJob] No news items for today, skipping send of ranking mails
INFO   | jvm 1    | main    | 2019/12/31 00:28:32.799 | INFO  [sendNewsCronJob::de.hybris.platform.servicelayer.internal.jalo.ServicelayerJob] (sendNewsCronJob) [SendNewsJob] Sending news mails. Note that org.apache.commons.mail.send() can block if behind a firewall/proxy.
INFO   | jvm 1    | main    | 2019/12/31 00:28:32.799 | INFO  [sendNewsCronJob::de.hybris.platform.servicelayer.internal.jalo.ServicelayerJob] (sendNewsCronJob) [SendNewsJob] No news items for today, skipping send of ranking mails
INFO   | jvm 1    | main    | 2019/12/31 00:28:42.814 | INFO  [sendNewsCronJob::de.hybris.platform.servicelayer.internal.jalo.ServicelayerJob] (sendNewsCronJob) [SendNewsJob] Sending news mails. Note that org.apache.commons.mail.send() can block if behind a firewall/proxy.
INFO   | jvm 1    | main    | 2019/12/31 00:28:42.815 | INFO  [sendNewsCronJob::de.hybris.platform.servicelayer.internal.jalo.ServicelayerJob] (sendNewsCronJob) [SendNewsJob] No news items for today, skipping send of ranking mails
INFO   | jvm 1    | main    | 2019/12/31 00:28:52.830 | INFO  [sendNewsCronJob::de.hybris.platform.servicelayer.internal.jalo.ServicelayerJob] (sendNewsCronJob) [SendNewsJob] Sending news mails. Note that org.apache.commons.mail.send() can block if behind a firewall/proxy.
INFO   | jvm 1    | main    | 2019/12/31 00:28:52.830 | INFO  [sendNewsCronJob::de.hybris.platform.servicelayer.internal.jalo.ServicelayerJob] (sendNewsCronJob) [SendNewsJob] No news items for today, skipping send of ranking mails
INFO   | jvm 1    | main    | 2019/12/31 00:29:02.744 | INFO  [sendNewsCronJob::de.hybris.platform.servicelayer.internal.jalo.ServicelayerJob] (sendNewsCronJob) [SendNewsJob] Sending news mails. Note that org.apache.commons.mail.send() can block if behind a firewall/proxy.
INFO   | jvm 1    | main    | 2019/12/31 00:29:02.744 | INFO  [sendNewsCronJob::de.hybris.platform.servicelayer.internal.jalo.ServicelayerJob] (sendNewsCronJob) [SendNewsJob] No news items for today, skipping send of ranking mails
INFO   | jvm 1    | main    | 2019/12/31 00:29:12.860 | INFO  [sendNewsCronJob::de.hybris.platform.servicelayer.internal.jalo.ServicelayerJob] (sendNewsCronJob) [SendNewsJob] Sending news mails. Note that org.apache.commons.mail.send() can block if behind a firewall/proxy.
INFO   | jvm 1    | main    | 2019/12/31 00:29:12.860 | INFO  [sendNewsCronJob::de.hybris.platform.servicelayer.internal.jalo.ServicelayerJob] (sendNewsCronJob) [SendNewsJob] No news items for today, skipping send of ranking mails
INFO   | jvm 1    | main    | 2019/12/31 00:29:22.775 | INFO  [sendNewsCronJob::de.hybris.platform.servicelayer.internal.jalo.ServicelayerJob] (sendNewsCronJob) [SendNewsJob] Sending news mails. Note that org.apache.commons.mail.send() can block if behind a firewall/proxy.
INFO   | jvm 1    | main    | 2019/12/31 00:29:22.775 | INFO  [sendNewsCronJob::de.hybris.platform.servicelayer.internal.jalo.ServicelayerJob] (sendNewsCronJob) [SendNewsJob] No news items for today, skipping send of ranking mails
INFO   | jvm 1    | main    | 2019/12/31 00:29:32.790 | INFO  [sendNewsCronJob::de.hybris.platform.servicelayer.internal.jalo.ServicelayerJob] (sendNewsCronJob) [SendNewsJob] Sending news mails. Note that org.apache.commons.mail.send() can block if behind a firewall/proxy.
INFO   | jvm 1    | main    | 2019/12/31 00:29:32.790 | INFO  [sendNewsCronJob::de.hybris.platform.servicelayer.internal.jalo.ServicelayerJob] (sendNewsCronJob) [SendNewsJob] No news items for today, skipping send of ranking mails
INFO   | jvm 1    | main    | 2019/12/31 00:29:42.806 | INFO  [sendNewsCronJob::de.hybris.platform.servicelayer.internal.jalo.ServicelayerJob] (sendNewsCronJob) [SendNewsJob] Sending news mails. Note that org.apache.commons.mail.send() can block if behind a firewall/proxy.
INFO   | jvm 1    | main    | 2019/12/31 00:29:42.806 | INFO  [sendNewsCronJob::de.hybris.platform.servicelayer.internal.jalo.ServicelayerJob] (sendNewsCronJob) [SendNewsJob] No news items for today, skipping send of ranking mails
INFO   | jvm 1    | main    | 2019/12/31 00:29:52.821 | INFO  [sendNewsCronJob::de.hybris.platform.servicelayer.internal.jalo.ServicelayerJob] (sendNewsCronJob) [SendNewsJob] Sending news mails. Note that org.apache.commons.mail.send() can block if behind a firewall/proxy.
INFO   | jvm 1    | main    | 2019/12/31 00:29:52.821 | INFO  [sendNewsCronJob::de.hybris.platform.servicelayer.internal.jalo.ServicelayerJob] (sendNewsCronJob) [SendNewsJob] No news items for today, skipping send of ranking mails
INFO   | jvm 1    | main    | 2019/12/31 00:30:02.836 | INFO  [sendNewsCronJob::de.hybris.platform.servicelayer.internal.jalo.ServicelayerJob] (sendNewsCronJob) [SendNewsJob] Sending news mails. Note that org.apache.commons.mail.send() can block if behind a firewall/proxy.
INFO   | jvm 1    | main    | 2019/12/31 00:30:02.836 | INFO  [sendNewsCronJob::de.hybris.platform.servicelayer.internal.jalo.ServicelayerJob] (sendNewsCronJob) [SendNewsJob] No news items for today, skipping send of ranking mails
INFO   | jvm 1    | main    | 2019/12/31 00:30:12.850 | INFO  [sendNewsCronJob::de.hybris.platform.servicelayer.internal.jalo.ServicelayerJob] (sendNewsCronJob) [SendNewsJob] Sending news mails. Note that org.apache.commons.mail.send() can block if behind a firewall/proxy.
INFO   | jvm 1    | main    | 2019/12/31 00:30:12.850 | INFO  [sendNewsCronJob::de.hybris.platform.servicelayer.internal.jalo.ServicelayerJob] (sendNewsCronJob) [SendNewsJob] No news items for today, skipping send of ranking mails
INFO   | jvm 1    | main    | 2019/12/31 00:30:22.866 | INFO  [sendNewsCronJob::de.hybris.platform.servicelayer.internal.jalo.ServicelayerJob] (sendNewsCronJob) [SendNewsJob] Sending news mails. Note that org.apache.commons.mail.send() can block if behind a firewall/proxy.
INFO   | jvm 1    | main    | 2019/12/31 00:30:22.866 | INFO  [sendNewsCronJob::de.hybris.platform.servicelayer.internal.jalo.ServicelayerJob] (sendNewsCronJob) [SendNewsJob] No news items for today, skipping send of ranking mails
INFO   | jvm 1    | main    | 2019/12/31 00:30:32.882 | INFO  [sendNewsCronJob::de.hybris.platform.servicelayer.internal.jalo.ServicelayerJob] (sendNewsCronJob) [SendNewsJob] Sending news mails. Note that org.apache.commons.mail.send() can block if behind a firewall/proxy.
INFO   | jvm 1    | main    | 2019/12/31 00:30:32.882 | INFO  [sendNewsCronJob::de.hybris.platform.servicelayer.internal.jalo.ServicelayerJob] (sendNewsCronJob) [SendNewsJob] No news items for today, skipping send of ranking mails
INFO   | jvm 1    | main    | 2019/12/31 00:30:42.797 | INFO  [sendNewsCronJob::de.hybris.platform.servicelayer.internal.jalo.ServicelayerJob] (sendNewsCronJob) [SendNewsJob] Sending news mails. Note that org.apache.commons.mail.send() can block if behind a firewall/proxy.
INFO   | jvm 1    | main    | 2019/12/31 00:30:42.797 | INFO  [sendNewsCronJob::de.hybris.platform.servicelayer.internal.jalo.ServicelayerJob] (sendNewsCronJob) [SendNewsJob] No news items for today, skipping send of ranking mails
INFO   | jvm 1    | main    | 2019/12/31 00:30:52.815 | INFO  [sendNewsCronJob::de.hybris.platform.servicelayer.internal.jalo.ServicelayerJob] (sendNewsCronJob) [SendNewsJob] Sending news mails. Note that org.apache.commons.mail.send() can block if behind a firewall/proxy.
INFO   | jvm 1    | main    | 2019/12/31 00:30:52.815 | INFO  [sendNewsCronJob::de.hybris.platform.servicelayer.internal.jalo.ServicelayerJob] (sendNewsCronJob) [SendNewsJob] No news items for today, skipping send of ranking mails
STATUS | wrapper  | main    | 2019/12/31 00:30:54.470 | TERM trapped.  Shutting down.
INFO   | jvm 1    | main    | 2019/12/31 00:30:54.872 | shutting down hybris registry..
INFO   | jvm 1    | main    | 2019/12/31 00:30:54.872 | INFO  [Thread-3] [DefaultTaskService] Shutting down task engine for tenant master.
INFO   | jvm 1    | main    | 2019/12/31 00:30:54.872 | INFO  [Thread-3] [DefaultTaskService] Terminating task polling thread.
INFO   | jvm 1    | main    | 2019/12/31 00:31:02.786 | INFO  [Thread-3] [DefaultTaskService] Stopped task engine for tenant master.
INFO   | jvm 1    | main    | 2019/12/31 00:31:02.886 | INFO  [Thread-3] (junit) [DefaultTaskService] Shutting down task engine for tenant junit.
INFO   | jvm 1    | main    | 2019/12/31 00:31:02.886 | INFO  [Thread-3] (junit) [DefaultTaskService] Terminating task polling thread.
INFO   | jvm 1    | main    | 2019/12/31 00:31:02.886 | INFO  [Thread-3] (junit) [DefaultTaskService] Stopped task engine for tenant junit.
INFO   | jvm 1    | main    | 2019/12/31 00:31:03.086 | INFO  [AfterSaveEventPublisher-junit] (junit) [DefaultAfterSaveListenerRegistry] AfterSaveEventPublisher-junit has been interrupted - stopping now: sleep interrupted
INFO   | jvm 1    | main    | 2019/12/31 00:31:03.086 | INFO  [AfterSaveEventPublisher-junit] (junit) [DefaultAfterSaveListenerRegistry] AfterSaveEventPublisher-junit has been interrupted/terminated but without InterruptedException - stopping now.
INFO   | jvm 1    | main    | 2019/12/31 00:31:03.587 | INFO  [Thread-3] (junit) [DefaultCacheController] Removed listener from cache controller. Currently registered 2
INFO   | jvm 1    | main    | 2019/12/31 00:31:03.687 | INFO  [AfterSaveEventPublisher-master] [DefaultAfterSaveListenerRegistry] AfterSaveEventPublisher-master has been interrupted - stopping now: sleep interrupted
INFO   | jvm 1    | main    | 2019/12/31 00:31:03.687 | INFO  [AfterSaveEventPublisher-master] [DefaultAfterSaveListenerRegistry] AfterSaveEventPublisher-master has been interrupted/terminated but without InterruptedException - stopping now.
INFO   | jvm 1    | main    | 2019/12/31 00:31:04.089 | INFO  [Thread-3] [DefaultCacheController] Listener not un-registered (not found): RegionCacheAdapter(750301001) - <<master>> : de.hybris.platform.cache.impl.RegionCacheAdapter
INFO   | jvm 1    | main    | 2019/12/31 00:31:04.692 | INFO  [Thread-3] [DefaultClusterNodeManagementService] Unregistering assigned cluster node id 0...
STATUS | wrapper  | main    | 2019/12/31 00:31:05.161 | <-- Wrapper Stopped
